[ 2017-02-15T22:49:00+08:00 ] 127.0.0.1 /index.php/Home/User/login?callback=jQuery21403578982799128265_1487170124442&id=orcknight&pass=aq123456&_=1487170124443
INFO: [ app_init ] --START--
INFO: Run Behavior\BuildLiteBehavior [ RunTime:0.001000s ]
INFO: [ app_init ] --END-- [ RunTime:0.002000s ]
INFO: [ app_begin ] --START--
INFO: Run Behavior\ReadHtmlCacheBehavior [ RunTime:0.004000s ]
INFO: [ app_begin ] --END-- [ RunTime:0.004000s ]
DEBUG: [ Jiechengkeji ] [ 22:49:00 ] [ initializing ]BaseController
DEBUG: [ Jiechengkeji ] [ 22:49:00 ] [ initialized ]BaseController
DEBUG: [ Jiechengkeji ] [ 22:49:00 ] [ execute ]login()
DEBUG: [ Jiechengkeji ] [ 22:49:00 ] [ name ]orcknight
DEBUG: [ Jiechengkeji ] [ 22:49:00 ] [ pass ]aq123456
SQL: SELECT password FROM user WHERE name = 'orcknight' [ RunTime:0.0020s ]

[ 2017-02-15T22:49:24+08:00 ] 127.0.0.1 /index.php/Home/User/login
INFO: [ app_init ] --START--
INFO: Run Behavior\BuildLiteBehavior [ RunTime:0.000000s ]
INFO: [ app_init ] --END-- [ RunTime:0.000000s ]
INFO: [ app_begin ] --START--
INFO: Run Behavior\ReadHtmlCacheBehavior [ RunTime:0.000000s ]
INFO: [ app_begin ] --END-- [ RunTime:0.000000s ]
DEBUG: [ Jiechengkeji ] [ 22:49:24 ] [ initializing ]BaseController
DEBUG: [ Jiechengkeji ] [ 22:49:24 ] [ initialized ]BaseController
DEBUG: [ Jiechengkeji ] [ 22:49:24 ] [ execute ]login()
DEBUG: [ Jiechengkeji ] [ 22:49:24 ] [ name ]
DEBUG: [ Jiechengkeji ] [ 22:49:24 ] [ pass ]

[ 2017-02-15T22:50:25+08:00 ] 127.0.0.1 /index.php/Home/User/login?callback=jQuery21403315540701455133_1487170219836&id=orcknight&pass=aq123456&_=1487170219837
INFO: [ app_init ] --START--
INFO: Run Behavior\BuildLiteBehavior [ RunTime:0.000000s ]
INFO: [ app_init ] --END-- [ RunTime:0.001000s ]
INFO: [ app_begin ] --START--
INFO: Run Behavior\ReadHtmlCacheBehavior [ RunTime:0.001000s ]
INFO: [ app_begin ] --END-- [ RunTime:0.001000s ]
DEBUG: [ Jiechengkeji ] [ 22:50:25 ] [ initializing ]BaseController
DEBUG: [ Jiechengkeji ] [ 22:50:25 ] [ initialized ]BaseController
DEBUG: [ Jiechengkeji ] [ 22:50:25 ] [ execute ]login()
DEBUG: [ Jiechengkeji ] [ 22:50:25 ] [ name ]orcknight
DEBUG: [ Jiechengkeji ] [ 22:50:25 ] [ pass ]aq123456
SQL: SELECT password FROM user WHERE name = 'orcknight' [ RunTime:0.0010s ]

[ 2017-02-15T22:52:20+08:00 ] 127.0.0.1 /index.php/Home/User/login?callback=jQuery214031488829040665434_1487170336616&id=orcknight&pass=aq123456&_=1487170336617
INFO: [ app_init ] --START--
INFO: Run Behavior\BuildLiteBehavior [ RunTime:0.000000s ]
INFO: [ app_init ] --END-- [ RunTime:0.001000s ]
INFO: [ app_begin ] --START--
INFO: Run Behavior\ReadHtmlCacheBehavior [ RunTime:0.001000s ]
INFO: [ app_begin ] --END-- [ RunTime:0.001000s ]
DEBUG: [ Jiechengkeji ] [ 22:52:20 ] [ initializing ]BaseController
DEBUG: [ Jiechengkeji ] [ 22:52:20 ] [ initialized ]BaseController
DEBUG: [ Jiechengkeji ] [ 22:52:20 ] [ execute ]login()
DEBUG: [ Jiechengkeji ] [ 22:52:20 ] [ name ]orcknight
DEBUG: [ Jiechengkeji ] [ 22:52:20 ] [ pass ]aq123456
SQL: SELECT password FROM user WHERE name = 'orcknight' [ RunTime:0.0010s ]

