[ 2017-07-13T09:22:20+08:00 ] 127.0.0.1 /index.php/Home/User/login?callback=jQuery21404606392873848226_1499908939454&id=orcknight&pass=aq123456&_=1499908939455
INFO: [ app_init ] --START--
INFO: Run Behavior\BuildLiteBehavior [ RunTime:0.000000s ]
INFO: [ app_init ] --END-- [ RunTime:0.006000s ]
INFO: [ app_begin ] --START--
INFO: Run Behavior\ReadHtmlCacheBehavior [ RunTime:0.006001s ]
INFO: [ app_begin ] --END-- [ RunTime:0.006001s ]
DEBUG: [ Jiechengkeji ] [ 09:22:20 ] [ initializing ]BaseController
DEBUG: [ Jiechengkeji ] [ 09:22:20 ] [ initialized ]BaseController
DEBUG: [ Jiechengkeji ] [ 09:22:20 ] [ execute ]login()
DEBUG: [ Jiechengkeji ] [ 09:22:20 ] [ name ]orcknight
DEBUG: [ Jiechengkeji ] [ 09:22:20 ] [ pass ]aq123456
SQL: SELECT password FROM user WHERE name = 'orcknight' [ RunTime:0.0200s ]
DEBUG: [ Jiechengkeji ] [ 09:22:20 ] [ result ][{"password":"ec878b54e20a467b7f1c8e46f14d21c4"}]
DEBUG: [ Jiechengkeji ] [ 09:22:20 ] [ null ]null

[ 2017-07-13T09:30:59+08:00 ] 127.0.0.1 /index.php/Home/User/login?callback=jQuery21404136497623908171_1499909459079&id=orcknight&pass=aq123456&_=1499909459080
INFO: [ app_init ] --START--
INFO: Run Behavior\BuildLiteBehavior [ RunTime:0.000000s ]
INFO: [ app_init ] --END-- [ RunTime:0.001000s ]
INFO: [ app_begin ] --START--
INFO: Run Behavior\ReadHtmlCacheBehavior [ RunTime:0.001000s ]
INFO: [ app_begin ] --END-- [ RunTime:0.001000s ]
DEBUG: [ Jiechengkeji ] [ 09:30:59 ] [ initializing ]BaseController
DEBUG: [ Jiechengkeji ] [ 09:30:59 ] [ initialized ]BaseController
DEBUG: [ Jiechengkeji ] [ 09:30:59 ] [ execute ]login()
DEBUG: [ Jiechengkeji ] [ 09:30:59 ] [ name ]orcknight
DEBUG: [ Jiechengkeji ] [ 09:30:59 ] [ pass ]aq123456
SQL: SELECT password FROM user WHERE name = 'orcknight' [ RunTime:0.0200s ]
DEBUG: [ Jiechengkeji ] [ 09:30:59 ] [ result ][{"password":"ec878b54e20a467b7f1c8e46f14d21c4"}]
DEBUG: [ Jiechengkeji ] [ 09:30:59 ] [ null ]null

