[ 2017-07-18T09:34:52+08:00 ] 127.0.0.1 /index.php/Home/User/login?callback=jQuery2140055517921173213525_1500341692260&id=orcknight&pass=aq123456&_=1500341692261
INFO: [ app_init ] --START--
INFO: Run Behavior\BuildLiteBehavior [ RunTime:0.000000s ]
INFO: [ app_init ] --END-- [ RunTime:0.002000s ]
INFO: [ app_begin ] --START--
INFO: Run Behavior\ReadHtmlCacheBehavior [ RunTime:0.000000s ]
INFO: [ app_begin ] --END-- [ RunTime:0.001000s ]
DEBUG: [ Jiechengkeji ] [ 09:34:52 ] [ initializing ]BaseController
DEBUG: [ Jiechengkeji ] [ 09:34:52 ] [ initialized ]BaseController
DEBUG: [ Jiechengkeji ] [ 09:34:52 ] [ execute ]login()
DEBUG: [ Jiechengkeji ] [ 09:34:52 ] [ name ]orcknight
DEBUG: [ Jiechengkeji ] [ 09:34:52 ] [ pass ]aq123456
SQL: SELECT password FROM user WHERE name = 'orcknight' [ RunTime:0.0220s ]
DEBUG: [ Jiechengkeji ] [ 09:34:52 ] [ result ][{"password":"ec878b54e20a467b7f1c8e46f14d21c4"}]
DEBUG: [ Jiechengkeji ] [ 09:34:52 ] [ null ]null

[ 2017-07-18T09:35:15+08:00 ] 127.0.0.1 /index.php/Home/User/login?callback=jQuery214049191229776725365_1500341714873&id=orcknight&pass=aq123456&_=1500341714874
INFO: [ app_init ] --START--
INFO: Run Behavior\BuildLiteBehavior [ RunTime:0.000000s ]
INFO: [ app_init ] --END-- [ RunTime:0.001000s ]
INFO: [ app_begin ] --START--
INFO: Run Behavior\ReadHtmlCacheBehavior [ RunTime:0.001000s ]
INFO: [ app_begin ] --END-- [ RunTime:0.001000s ]
DEBUG: [ Jiechengkeji ] [ 09:35:15 ] [ initializing ]BaseController
DEBUG: [ Jiechengkeji ] [ 09:35:15 ] [ initialized ]BaseController
DEBUG: [ Jiechengkeji ] [ 09:35:15 ] [ execute ]login()
DEBUG: [ Jiechengkeji ] [ 09:35:15 ] [ name ]orcknight
DEBUG: [ Jiechengkeji ] [ 09:35:15 ] [ pass ]aq123456
SQL: SELECT password FROM user WHERE name = 'orcknight' [ RunTime:0.0200s ]
DEBUG: [ Jiechengkeji ] [ 09:35:15 ] [ result ][{"password":"ec878b54e20a467b7f1c8e46f14d21c4"}]
DEBUG: [ Jiechengkeji ] [ 09:35:15 ] [ null ]null

[ 2017-07-18T09:35:36+08:00 ] 127.0.0.1 /index.php/Home/User/login?callback=jQuery21404513937835158244_1500341736619&id=orcknight&pass=aq123456&_=1500341736620
INFO: [ app_init ] --START--
INFO: Run Behavior\BuildLiteBehavior [ RunTime:0.000000s ]
INFO: [ app_init ] --END-- [ RunTime:0.000000s ]
INFO: [ app_begin ] --START--
INFO: Run Behavior\ReadHtmlCacheBehavior [ RunTime:0.001000s ]
INFO: [ app_begin ] --END-- [ RunTime:0.001000s ]
DEBUG: [ Jiechengkeji ] [ 09:35:36 ] [ initializing ]BaseController
DEBUG: [ Jiechengkeji ] [ 09:35:36 ] [ initialized ]BaseController
DEBUG: [ Jiechengkeji ] [ 09:35:36 ] [ execute ]login()
DEBUG: [ Jiechengkeji ] [ 09:35:36 ] [ name ]orcknight
DEBUG: [ Jiechengkeji ] [ 09:35:36 ] [ pass ]aq123456
SQL: SELECT password FROM user WHERE name = 'orcknight' [ RunTime:0.0200s ]
DEBUG: [ Jiechengkeji ] [ 09:35:36 ] [ result ][{"password":"ec878b54e20a467b7f1c8e46f14d21c4"}]
DEBUG: [ Jiechengkeji ] [ 09:35:36 ] [ null ]null

[ 2017-07-18T11:34:34+08:00 ] 127.0.0.1 /index.php/Home/User/login?callback=jQuery21402700419235337279_1500348871306&id=orcknight&pass=aq123456&_=1500348871307
INFO: [ app_init ] --START--
INFO: Run Behavior\BuildLiteBehavior [ RunTime:0.000000s ]
INFO: [ app_init ] --END-- [ RunTime:0.001000s ]
INFO: [ app_begin ] --START--
INFO: Run Behavior\ReadHtmlCacheBehavior [ RunTime:0.001000s ]
INFO: [ app_begin ] --END-- [ RunTime:0.001000s ]
DEBUG: [ Jiechengkeji ] [ 11:34:34 ] [ initializing ]BaseController
DEBUG: [ Jiechengkeji ] [ 11:34:34 ] [ initialized ]BaseController
DEBUG: [ Jiechengkeji ] [ 11:34:34 ] [ execute ]login()
DEBUG: [ Jiechengkeji ] [ 11:34:34 ] [ name ]orcknight
DEBUG: [ Jiechengkeji ] [ 11:34:34 ] [ pass ]aq123456
SQL: SELECT password FROM user WHERE name = 'orcknight' [ RunTime:0.0230s ]
DEBUG: [ Jiechengkeji ] [ 11:34:34 ] [ result ][{"password":"ec878b54e20a467b7f1c8e46f14d21c4"}]
DEBUG: [ Jiechengkeji ] [ 11:34:34 ] [ null ]null

