[ 2017-02-16T00:12:00+08:00 ] 127.0.0.1 /index.php/Home/User/login?callback=jQuery21408718794832620014_1487175113897&id=orcknight&pass=aq123456&_=1487175113898
INFO: [ app_init ] --START--
INFO: Run Behavior\BuildLiteBehavior [ RunTime:0.000000s ]
INFO: [ app_init ] --END-- [ RunTime:0.001000s ]
INFO: [ app_begin ] --START--
INFO: Run Behavior\ReadHtmlCacheBehavior [ RunTime:0.001000s ]
INFO: [ app_begin ] --END-- [ RunTime:0.003000s ]
DEBUG: [ Jiechengkeji ] [ 00:12:00 ] [ initializing ]BaseController
DEBUG: [ Jiechengkeji ] [ 00:12:00 ] [ initialized ]BaseController
DEBUG: [ Jiechengkeji ] [ 00:12:00 ] [ execute ]login()
DEBUG: [ Jiechengkeji ] [ 00:12:00 ] [ name ]orcknight
DEBUG: [ Jiechengkeji ] [ 00:12:00 ] [ pass ]aq123456
SQL: SELECT password FROM user WHERE name = 'orcknight' [ RunTime:0.0010s ]

[ 2017-02-16T20:17:04+08:00 ] 127.0.0.1 /index.php/Home/User/register
INFO: [ app_init ] --START--
INFO: Run Behavior\BuildLiteBehavior [ RunTime:0.000000s ]
INFO: [ app_init ] --END-- [ RunTime:0.001000s ]
INFO: [ app_begin ] --START--
INFO: Run Behavior\ReadHtmlCacheBehavior [ RunTime:0.001000s ]
INFO: [ app_begin ] --END-- [ RunTime:0.001000s ]
DEBUG: [ Jiechengkeji ] [ 20:17:04 ] [ initializing ]BaseController
DEBUG: [ Jiechengkeji ] [ 20:17:04 ] [ initialized ]BaseController
INFO: [ view_parse ] --START--
INFO: [ template_filter ] --START--
INFO: Run Behavior\ContentReplaceBehavior [ RunTime:0.004000s ]
INFO: [ template_filter ] --END-- [ RunTime:0.004000s ]
INFO: Run Behavior\ParseTemplateBehavior [ RunTime:0.094006s ]
INFO: [ view_parse ] --END-- [ RunTime:0.094006s ]
INFO: [ view_filter ] --START--
INFO: Run Behavior\WriteHtmlCacheBehavior [ RunTime:0.029001s ]
INFO: [ view_filter ] --END-- [ RunTime:0.029001s ]
INFO: [ app_end ] --START--
INFO: Run Behavior\ShowPageTraceBehavior [ RunTime:0.002001s ]
INFO: [ app_end ] --END-- [ RunTime:0.002001s ]

[ 2017-02-16T21:22:51+08:00 ] 127.0.0.1 /index.php/Home/User/signUp
INFO: [ app_init ] --START--
INFO: Run Behavior\BuildLiteBehavior [ RunTime:0.000000s ]
INFO: [ app_init ] --END-- [ RunTime:0.000000s ]
INFO: [ app_begin ] --START--
INFO: Run Behavior\ReadHtmlCacheBehavior [ RunTime:0.001000s ]
INFO: [ app_begin ] --END-- [ RunTime:0.001000s ]
DEBUG: [ Jiechengkeji ] [ 21:22:50 ] [ initializing ]BaseController
DEBUG: [ Jiechengkeji ] [ 21:22:50 ] [ initialized ]BaseController
DEBUG: [ Jiechengkeji ] [ 21:22:50 ] [ execute ]signUp()
DEBUG: [ Jiechengkeji ] [ 21:22:50 ] [ args ]{"name":"orcknight","pass":"aq123456","pass2":"aq123456","email":"407496032@qq.com","phone":"15562135585"}
DEBUG: [ Jiechengkeji ] [ 21:22:51 ] [ execute ]signUp()
SQL: SELECT * FROM user WHERE name = 'orcknight' [ RunTime:0.0010s ]
DEBUG: [ Jiechengkeji ] [ 21:22:51 ] [ execute ]add()
DEBUG: [ Jiechengkeji ] [ 21:22:51 ] [ sql ]INSERT INTO user (name, password, phone, email) VALUES ('orcknight', 'aq123456', '15562135585', '407496032@qq.com')
SQL: INSERT INTO user (name, password, phone, email) VALUES ('orcknight', 'aq123456', '15562135585', '407496032@qq.com') [ RunTime:0.0600s ]
DEBUG: [ Jiechengkeji ] [ 21:22:51 ] [ res ]1
DEBUG: [ Jiechengkeji ] [ 21:22:51 ] [ sql ]SELECT last_insert_id() as id
SQL: SELECT last_insert_id() as id [ RunTime:0.0270s ]
DEBUG: [ Jiechengkeji ] [ 21:22:51 ] [ result ][{"id":"1"}]

[ 2017-02-16T23:06:18+08:00 ] 127.0.0.1 /index.php/Home/User/signUp
INFO: [ app_init ] --START--
INFO: Run Behavior\BuildLiteBehavior [ RunTime:0.000000s ]
INFO: [ app_init ] --END-- [ RunTime:0.001000s ]
INFO: [ app_begin ] --START--
INFO: Run Behavior\ReadHtmlCacheBehavior [ RunTime:0.000000s ]
INFO: [ app_begin ] --END-- [ RunTime:0.001000s ]
DEBUG: [ Jiechengkeji ] [ 23:06:18 ] [ initializing ]BaseController
DEBUG: [ Jiechengkeji ] [ 23:06:18 ] [ initialized ]BaseController
DEBUG: [ Jiechengkeji ] [ 23:06:18 ] [ execute ]signUp()
DEBUG: [ Jiechengkeji ] [ 23:06:18 ] [ args ]{"name":"orcknight","pass":"aq123456","pass2":"aq123456","email":"407496032@qq.com","phone":"15562135585"}
DEBUG: [ Jiechengkeji ] [ 23:06:18 ] [ execute ]signUp()
SQL: SELECT * FROM user WHERE name = 'orcknight' [ RunTime:0.0010s ]
DEBUG: [ Jiechengkeji ] [ 23:06:18 ] [ execute ]add()
DEBUG: [ Jiechengkeji ] [ 23:06:18 ] [ sql ]INSERT INTO user (name, password, phone, email) VALUES ('orcknight', 'aq123456', '15562135585', '407496032@qq.com')
SQL: INSERT INTO user (name, password, phone, email) VALUES ('orcknight', 'aq123456', '15562135585', '407496032@qq.com') [ RunTime:0.0290s ]
DEBUG: [ Jiechengkeji ] [ 23:06:18 ] [ res ]2
DEBUG: [ Jiechengkeji ] [ 23:06:18 ] [ sql ]SELECT last_insert_id() as id
SQL: SELECT last_insert_id() as id [ RunTime:0.0000s ]
DEBUG: [ Jiechengkeji ] [ 23:06:18 ] [ result ][{"id":"2"}]

[ 2017-02-16T23:06:23+08:00 ] 127.0.0.1 /index.php/Home/User/signUp
INFO: [ app_init ] --START--
INFO: Run Behavior\BuildLiteBehavior [ RunTime:0.001000s ]
INFO: [ app_init ] --END-- [ RunTime:0.001000s ]
INFO: [ app_begin ] --START--
INFO: Run Behavior\ReadHtmlCacheBehavior [ RunTime:0.001000s ]
INFO: [ app_begin ] --END-- [ RunTime:0.001000s ]
DEBUG: [ Jiechengkeji ] [ 23:06:23 ] [ initializing ]BaseController
DEBUG: [ Jiechengkeji ] [ 23:06:23 ] [ initialized ]BaseController
DEBUG: [ Jiechengkeji ] [ 23:06:23 ] [ execute ]signUp()
NOTIC: [8] Undefined index: id E:\jiecheng\GameServer\trunk\logingate\Application\Home\Controller\UserController.class.php 第 289 行.
NOTIC: [8] Undefined index: pass E:\jiecheng\GameServer\trunk\logingate\Application\Home\Controller\UserController.class.php 第 290 行.
NOTIC: [8] Undefined index: pass2 E:\jiecheng\GameServer\trunk\logingate\Application\Home\Controller\UserController.class.php 第 291 行.
NOTIC: [8] Undefined index: email E:\jiecheng\GameServer\trunk\logingate\Application\Home\Controller\UserController.class.php 第 292 行.
NOTIC: [8] Undefined index: phone E:\jiecheng\GameServer\trunk\logingate\Application\Home\Controller\UserController.class.php 第 293 行.
DEBUG: [ Jiechengkeji ] [ 23:06:23 ] [ args ]{"name":null,"pass":null,"pass2":null,"email":null,"phone":null}
DEBUG: [ Jiechengkeji ] [ 23:06:23 ] [ execute ]signUp()
SQL: SELECT * FROM user WHERE name = '' [ RunTime:0.0010s ]
DEBUG: [ Jiechengkeji ] [ 23:06:23 ] [ execute ]add()
DEBUG: [ Jiechengkeji ] [ 23:06:23 ] [ sql ]INSERT INTO user (name, password, phone, email) VALUES ('', '', '', '')
SQL: INSERT INTO user (name, password, phone, email) VALUES ('', '', '', '') [ RunTime:0.0490s ]
DEBUG: [ Jiechengkeji ] [ 23:06:23 ] [ res ]3
DEBUG: [ Jiechengkeji ] [ 23:06:23 ] [ sql ]SELECT last_insert_id() as id
SQL: SELECT last_insert_id() as id [ RunTime:0.0000s ]
DEBUG: [ Jiechengkeji ] [ 23:06:23 ] [ result ][{"id":"3"}]

[ 2017-02-16T23:06:38+08:00 ] 127.0.0.1 /index.php/Home/User/register
INFO: [ app_init ] --START--
INFO: Run Behavior\BuildLiteBehavior [ RunTime:0.000000s ]
INFO: [ app_init ] --END-- [ RunTime:0.000000s ]
INFO: [ app_begin ] --START--
INFO: Run Behavior\ReadHtmlCacheBehavior [ RunTime:0.001000s ]
INFO: [ app_begin ] --END-- [ RunTime:0.001000s ]
DEBUG: [ Jiechengkeji ] [ 23:06:38 ] [ initializing ]BaseController
DEBUG: [ Jiechengkeji ] [ 23:06:38 ] [ initialized ]BaseController
INFO: [ view_parse ] --START--
INFO: [ template_filter ] --START--
INFO: Run Behavior\ContentReplaceBehavior [ RunTime:0.000000s ]
INFO: [ template_filter ] --END-- [ RunTime:0.001000s ]
INFO: Run Behavior\ParseTemplateBehavior [ RunTime:0.008001s ]
INFO: [ view_parse ] --END-- [ RunTime:0.009001s ]
INFO: [ view_filter ] --START--
INFO: Run Behavior\WriteHtmlCacheBehavior [ RunTime:0.001000s ]
INFO: [ view_filter ] --END-- [ RunTime:0.001000s ]
INFO: [ app_end ] --START--
INFO: Run Behavior\ShowPageTraceBehavior [ RunTime:0.001000s ]
INFO: [ app_end ] --END-- [ RunTime:0.001000s ]

[ 2017-02-16T23:08:07+08:00 ] 127.0.0.1 /index.php/Home/User/signUp
INFO: [ app_init ] --START--
INFO: Run Behavior\BuildLiteBehavior [ RunTime:0.001000s ]
INFO: [ app_init ] --END-- [ RunTime:0.001000s ]
INFO: [ app_begin ] --START--
INFO: Run Behavior\ReadHtmlCacheBehavior [ RunTime:0.001000s ]
INFO: [ app_begin ] --END-- [ RunTime:0.001000s ]
DEBUG: [ Jiechengkeji ] [ 23:08:07 ] [ initializing ]BaseController
DEBUG: [ Jiechengkeji ] [ 23:08:07 ] [ initialized ]BaseController
DEBUG: [ Jiechengkeji ] [ 23:08:07 ] [ execute ]signUp()
DEBUG: [ Jiechengkeji ] [ 23:08:07 ] [ args ]{"name":"orcknight","pass":"aq123456","pass2":"aq123","email":"407496032@qq.com","phone":"15562135585"}
DEBUG: [ Jiechengkeji ] [ 23:08:07 ] [ execute ]signUp()

[ 2017-02-16T23:08:17+08:00 ] 127.0.0.1 /index.php/Home/User/signUp
INFO: [ app_init ] --START--
INFO: Run Behavior\BuildLiteBehavior [ RunTime:0.001000s ]
INFO: [ app_init ] --END-- [ RunTime:0.001000s ]
INFO: [ app_begin ] --START--
INFO: Run Behavior\ReadHtmlCacheBehavior [ RunTime:0.000000s ]
INFO: [ app_begin ] --END-- [ RunTime:0.002000s ]
DEBUG: [ Jiechengkeji ] [ 23:08:17 ] [ initializing ]BaseController
DEBUG: [ Jiechengkeji ] [ 23:08:17 ] [ initialized ]BaseController
DEBUG: [ Jiechengkeji ] [ 23:08:17 ] [ execute ]signUp()
DEBUG: [ Jiechengkeji ] [ 23:08:17 ] [ args ]{"name":"orcknight","pass":"aq123456","pass2":"aq123456","email":"407496032@qq.com","phone":"15562135585"}
DEBUG: [ Jiechengkeji ] [ 23:08:17 ] [ execute ]signUp()
SQL: SELECT * FROM user WHERE name = 'orcknight' [ RunTime:0.0010s ]

[ 2017-02-16T23:14:37+08:00 ] 127.0.0.1 /index.php/Home/User/signUp
INFO: [ app_init ] --START--
INFO: Run Behavior\BuildLiteBehavior [ RunTime:0.000000s ]
INFO: [ app_init ] --END-- [ RunTime:0.000000s ]
INFO: [ app_begin ] --START--
INFO: Run Behavior\ReadHtmlCacheBehavior [ RunTime:0.000000s ]
INFO: [ app_begin ] --END-- [ RunTime:0.002000s ]
DEBUG: [ Jiechengkeji ] [ 23:14:37 ] [ initializing ]BaseController
DEBUG: [ Jiechengkeji ] [ 23:14:37 ] [ initialized ]BaseController
DEBUG: [ Jiechengkeji ] [ 23:14:37 ] [ execute ]signUp()
DEBUG: [ Jiechengkeji ] [ 23:14:37 ] [ args ]{"name":"orcknight","pass":"aq123456","pass2":"aq123456","email":"407496032@qq.com","phone":"15562135585"}
DEBUG: [ Jiechengkeji ] [ 23:14:37 ] [ execute ]signUp()

[ 2017-02-16T23:15:56+08:00 ] 127.0.0.1 /index.php/Home/User/signUp
INFO: [ app_init ] --START--
INFO: Run Behavior\BuildLiteBehavior [ RunTime:0.000000s ]
INFO: [ app_init ] --END-- [ RunTime:0.000000s ]
INFO: [ app_begin ] --START--
INFO: Run Behavior\ReadHtmlCacheBehavior [ RunTime:0.000000s ]
INFO: [ app_begin ] --END-- [ RunTime:0.000000s ]
DEBUG: [ Jiechengkeji ] [ 23:15:56 ] [ initializing ]BaseController
DEBUG: [ Jiechengkeji ] [ 23:15:56 ] [ initialized ]BaseController
DEBUG: [ Jiechengkeji ] [ 23:15:56 ] [ execute ]signUp()
DEBUG: [ Jiechengkeji ] [ 23:15:56 ] [ args ]{"name":"orcknight","pass":"aq123456","pass2":"aq123456","email":"407496032@qq.com","phone":"15562135585"}
DEBUG: [ Jiechengkeji ] [ 23:15:56 ] [ execute ]signUp()
SQL: SELECT * FROM user WHERE name = 'orcknight' [ RunTime:0.0000s ]
DEBUG: [ Jiechengkeji ] [ 23:15:56 ] [ execute ]add()
DEBUG: [ Jiechengkeji ] [ 23:15:56 ] [ sql ]INSERT INTO user (name, password, phone, email) VALUES ('orcknight', 'ec878b54e20a467b7f1c8e46f14d21c4', '15562135585', '407496032@qq.com')
SQL: INSERT INTO user (name, password, phone, email) VALUES ('orcknight', 'ec878b54e20a467b7f1c8e46f14d21c4', '15562135585', '407496032@qq.com') [ RunTime:0.0320s ]
DEBUG: [ Jiechengkeji ] [ 23:15:56 ] [ res ]4
DEBUG: [ Jiechengkeji ] [ 23:15:56 ] [ sql ]SELECT last_insert_id() as id
SQL: SELECT last_insert_id() as id [ RunTime:0.0000s ]
DEBUG: [ Jiechengkeji ] [ 23:15:56 ] [ result ][{"id":"4"}]

[ 2017-02-16T23:16:12+08:00 ] 127.0.0.1 /index.php/Home/User/signUp
INFO: [ app_init ] --START--
INFO: Run Behavior\BuildLiteBehavior [ RunTime:0.001000s ]
INFO: [ app_init ] --END-- [ RunTime:0.001000s ]
INFO: [ app_begin ] --START--
INFO: Run Behavior\ReadHtmlCacheBehavior [ RunTime:0.001000s ]
INFO: [ app_begin ] --END-- [ RunTime:0.001000s ]
DEBUG: [ Jiechengkeji ] [ 23:16:12 ] [ initializing ]BaseController
DEBUG: [ Jiechengkeji ] [ 23:16:12 ] [ initialized ]BaseController
DEBUG: [ Jiechengkeji ] [ 23:16:12 ] [ execute ]signUp()
DEBUG: [ Jiechengkeji ] [ 23:16:12 ] [ args ]{"name":"orcknight","pass":"aq123456","pass2":"aq123456","email":"407496032@qq.com","phone":"15562135585"}
DEBUG: [ Jiechengkeji ] [ 23:16:12 ] [ execute ]signUp()
SQL: SELECT * FROM user WHERE name = 'orcknight' [ RunTime:0.0010s ]

[ 2017-02-16T23:17:33+08:00 ] 127.0.0.1 /index.php/Home/User/login?callback=jQuery21409153353690134829_1487258220138&id=orcknight&pass=aq123456&_=1487258220139
INFO: [ app_init ] --START--
INFO: Run Behavior\BuildLiteBehavior [ RunTime:0.000000s ]
INFO: [ app_init ] --END-- [ RunTime:0.001000s ]
INFO: [ app_begin ] --START--
INFO: Run Behavior\ReadHtmlCacheBehavior [ RunTime:0.002000s ]
INFO: [ app_begin ] --END-- [ RunTime:0.002000s ]
DEBUG: [ Jiechengkeji ] [ 23:17:33 ] [ initializing ]BaseController
DEBUG: [ Jiechengkeji ] [ 23:17:33 ] [ initialized ]BaseController
DEBUG: [ Jiechengkeji ] [ 23:17:33 ] [ execute ]login()
DEBUG: [ Jiechengkeji ] [ 23:17:33 ] [ name ]orcknight
DEBUG: [ Jiechengkeji ] [ 23:17:33 ] [ pass ]aq123456
SQL: SELECT password FROM user WHERE name = 'orcknight' [ RunTime:0.0010s ]

[ 2017-02-16T23:19:55+08:00 ] 127.0.0.1 /index.php/Home/User/login?callback=jQuery21405075676822966919_1487258377554&id=orcknight&pass=aq123456&_=1487258377555
INFO: [ app_init ] --START--
INFO: Run Behavior\BuildLiteBehavior [ RunTime:0.000000s ]
INFO: [ app_init ] --END-- [ RunTime:0.001000s ]
INFO: [ app_begin ] --START--
INFO: Run Behavior\ReadHtmlCacheBehavior [ RunTime:0.001000s ]
INFO: [ app_begin ] --END-- [ RunTime:0.001000s ]
DEBUG: [ Jiechengkeji ] [ 23:19:55 ] [ initializing ]BaseController
DEBUG: [ Jiechengkeji ] [ 23:19:55 ] [ initialized ]BaseController
DEBUG: [ Jiechengkeji ] [ 23:19:55 ] [ execute ]login()
DEBUG: [ Jiechengkeji ] [ 23:19:55 ] [ name ]orcknight
DEBUG: [ Jiechengkeji ] [ 23:19:55 ] [ pass ]aq123456
SQL: SELECT password FROM user WHERE name = 'orcknight' [ RunTime:0.0000s ]

[ 2017-02-16T23:21:15+08:00 ] 127.0.0.1 /index.php/Home/User/login?callback=jQuery21403366656197853999_1487258465204&id=orcknight&pass=aq123456&_=1487258465205
INFO: [ app_init ] --START--
INFO: Run Behavior\BuildLiteBehavior [ RunTime:0.000000s ]
INFO: [ app_init ] --END-- [ RunTime:0.001000s ]
INFO: [ app_begin ] --START--
INFO: Run Behavior\ReadHtmlCacheBehavior [ RunTime:0.001000s ]
INFO: [ app_begin ] --END-- [ RunTime:0.001000s ]
DEBUG: [ Jiechengkeji ] [ 23:21:15 ] [ initializing ]BaseController
DEBUG: [ Jiechengkeji ] [ 23:21:15 ] [ initialized ]BaseController
DEBUG: [ Jiechengkeji ] [ 23:21:15 ] [ execute ]login()
DEBUG: [ Jiechengkeji ] [ 23:21:15 ] [ name ]orcknight
DEBUG: [ Jiechengkeji ] [ 23:21:15 ] [ pass ]aq123456
SQL: SELECT password FROM user WHERE name = 'orcknight' [ RunTime:0.0010s ]

