[ 2017-02-24T13:45:48+08:00 ] 127.0.0.1 /index.php/Home/User/login?callback=jQuery214046166322059560594_1487915145190&id=orcknight&pass=aq123456&_=1487915145191
INFO: [ app_init ] --START--
INFO: Run Behavior\BuildLiteBehavior [ RunTime:0.000000s ]
INFO: [ app_init ] --END-- [ RunTime:0.000000s ]
INFO: [ app_begin ] --START--
INFO: Run Behavior\ReadHtmlCacheBehavior [ RunTime:0.001000s ]
INFO: [ app_begin ] --END-- [ RunTime:0.001000s ]
DEBUG: [ Jiechengkeji ] [ 13:45:48 ] [ initializing ]BaseController
DEBUG: [ Jiechengkeji ] [ 13:45:48 ] [ initialized ]BaseController
DEBUG: [ Jiechengkeji ] [ 13:45:48 ] [ execute ]login()
DEBUG: [ Jiechengkeji ] [ 13:45:48 ] [ name ]orcknight
DEBUG: [ Jiechengkeji ] [ 13:45:48 ] [ pass ]aq123456
SQL: SELECT password FROM user WHERE name = 'orcknight' [ RunTime:0.0390s ]

[ 2017-02-24T13:46:58+08:00 ] 127.0.0.1 /index.php/Home/User/login?callback=jQuery21408129588302264816_1487915216479&id=orcknight&pass=aq123456&_=1487915216480
INFO: [ app_init ] --START--
INFO: Run Behavior\BuildLiteBehavior [ RunTime:0.000000s ]
INFO: [ app_init ] --END-- [ RunTime:0.000000s ]
INFO: [ app_begin ] --START--
INFO: Run Behavior\ReadHtmlCacheBehavior [ RunTime:0.001000s ]
INFO: [ app_begin ] --END-- [ RunTime:0.001000s ]
DEBUG: [ Jiechengkeji ] [ 13:46:58 ] [ initializing ]BaseController
DEBUG: [ Jiechengkeji ] [ 13:46:58 ] [ initialized ]BaseController
DEBUG: [ Jiechengkeji ] [ 13:46:58 ] [ execute ]login()
DEBUG: [ Jiechengkeji ] [ 13:46:58 ] [ name ]orcknight
DEBUG: [ Jiechengkeji ] [ 13:46:58 ] [ pass ]aq123456
SQL: SELECT password FROM user WHERE name = 'orcknight' [ RunTime:0.0000s ]

[ 2017-02-24T13:47:53+08:00 ] 127.0.0.1 /index.php/Home/User/login?callback=jQuery214026298348742057653_1487915271344&id=orcknight&pass=aq123456&_=1487915271345
INFO: [ app_init ] --START--
INFO: Run Behavior\BuildLiteBehavior [ RunTime:0.000000s ]
INFO: [ app_init ] --END-- [ RunTime:0.000000s ]
INFO: [ app_begin ] --START--
INFO: Run Behavior\ReadHtmlCacheBehavior [ RunTime:0.001000s ]
INFO: [ app_begin ] --END-- [ RunTime:0.001000s ]
DEBUG: [ Jiechengkeji ] [ 13:47:53 ] [ initializing ]BaseController
DEBUG: [ Jiechengkeji ] [ 13:47:53 ] [ initialized ]BaseController
DEBUG: [ Jiechengkeji ] [ 13:47:53 ] [ execute ]login()
DEBUG: [ Jiechengkeji ] [ 13:47:53 ] [ name ]orcknight
DEBUG: [ Jiechengkeji ] [ 13:47:53 ] [ pass ]aq123456
SQL: SELECT password FROM user WHERE name = 'orcknight' [ RunTime:0.0010s ]

[ 2017-02-24T13:48:56+08:00 ] 127.0.0.1 /index.php/Home/User/login?callback=jQuery21406947065892244821_1487915334547&id=orcknight&pass=aq123456&_=1487915334548
INFO: [ app_init ] --START--
INFO: Run Behavior\BuildLiteBehavior [ RunTime:0.000000s ]
INFO: [ app_init ] --END-- [ RunTime:0.001001s ]
INFO: [ app_begin ] --START--
INFO: Run Behavior\ReadHtmlCacheBehavior [ RunTime:0.001000s ]
INFO: [ app_begin ] --END-- [ RunTime:0.001000s ]
DEBUG: [ Jiechengkeji ] [ 13:48:56 ] [ initializing ]BaseController
DEBUG: [ Jiechengkeji ] [ 13:48:56 ] [ initialized ]BaseController
DEBUG: [ Jiechengkeji ] [ 13:48:56 ] [ execute ]login()
DEBUG: [ Jiechengkeji ] [ 13:48:56 ] [ name ]orcknight
DEBUG: [ Jiechengkeji ] [ 13:48:56 ] [ pass ]aq123456
SQL: SELECT password FROM user WHERE name = 'orcknight' [ RunTime:0.0000s ]

[ 2017-02-24T13:49:29+08:00 ] 127.0.0.1 /index.php/Home/User/login?callback=jQuery214028834264008130295_1487915367651&id=orcknight&pass=aq123456&_=1487915367652
INFO: [ app_init ] --START--
INFO: Run Behavior\BuildLiteBehavior [ RunTime:0.000000s ]
INFO: [ app_init ] --END-- [ RunTime:0.000000s ]
INFO: [ app_begin ] --START--
INFO: Run Behavior\ReadHtmlCacheBehavior [ RunTime:0.000000s ]
INFO: [ app_begin ] --END-- [ RunTime:0.000000s ]
DEBUG: [ Jiechengkeji ] [ 13:49:29 ] [ initializing ]BaseController
DEBUG: [ Jiechengkeji ] [ 13:49:29 ] [ initialized ]BaseController
DEBUG: [ Jiechengkeji ] [ 13:49:29 ] [ execute ]login()
DEBUG: [ Jiechengkeji ] [ 13:49:29 ] [ name ]orcknight
DEBUG: [ Jiechengkeji ] [ 13:49:29 ] [ pass ]aq123456
SQL: SELECT password FROM user WHERE name = 'orcknight' [ RunTime:0.0010s ]

[ 2017-02-24T13:51:16+08:00 ] 127.0.0.1 /index.php/Home/User/login?callback=jQuery21404307109192131946_1487915473634&id=orcknight&pass=aq123456&_=1487915473635
INFO: [ app_init ] --START--
INFO: Run Behavior\BuildLiteBehavior [ RunTime:0.000000s ]
INFO: [ app_init ] --END-- [ RunTime:0.000000s ]
INFO: [ app_begin ] --START--
INFO: Run Behavior\ReadHtmlCacheBehavior [ RunTime:0.000000s ]
INFO: [ app_begin ] --END-- [ RunTime:0.000000s ]
DEBUG: [ Jiechengkeji ] [ 13:51:16 ] [ initializing ]BaseController
DEBUG: [ Jiechengkeji ] [ 13:51:16 ] [ initialized ]BaseController
DEBUG: [ Jiechengkeji ] [ 13:51:16 ] [ execute ]login()
DEBUG: [ Jiechengkeji ] [ 13:51:16 ] [ name ]orcknight
DEBUG: [ Jiechengkeji ] [ 13:51:16 ] [ pass ]aq123456
SQL: SELECT password FROM user WHERE name = 'orcknight' [ RunTime:0.0000s ]

[ 2017-02-24T14:03:51+08:00 ] 127.0.0.1 /index.php/Home/User/login?callback=jQuery21403362306694271895_1487916231481&id=orcknight&pass=aq123456&_=1487916231482
INFO: [ app_init ] --START--
INFO: Run Behavior\BuildLiteBehavior [ RunTime:0.000000s ]
INFO: [ app_init ] --END-- [ RunTime:0.001000s ]
INFO: [ app_begin ] --START--
INFO: Run Behavior\ReadHtmlCacheBehavior [ RunTime:0.000000s ]
INFO: [ app_begin ] --END-- [ RunTime:0.000000s ]
DEBUG: [ Jiechengkeji ] [ 14:03:51 ] [ initializing ]BaseController
DEBUG: [ Jiechengkeji ] [ 14:03:51 ] [ initialized ]BaseController
DEBUG: [ Jiechengkeji ] [ 14:03:51 ] [ execute ]login()
DEBUG: [ Jiechengkeji ] [ 14:03:51 ] [ name ]orcknight
DEBUG: [ Jiechengkeji ] [ 14:03:51 ] [ pass ]aq123456
SQL: SELECT password FROM user WHERE name = 'orcknight' [ RunTime:0.0000s ]

[ 2017-02-24T14:05:11+08:00 ] 127.0.0.1 /index.php/Home/User/login?callback=jQuery21407474286653024436_1487916311085&id=orcknight&pass=aq123456&_=1487916311086
INFO: [ app_init ] --START--
INFO: Run Behavior\BuildLiteBehavior [ RunTime:0.000000s ]
INFO: [ app_init ] --END-- [ RunTime:0.001000s ]
INFO: [ app_begin ] --START--
INFO: Run Behavior\ReadHtmlCacheBehavior [ RunTime:0.000000s ]
INFO: [ app_begin ] --END-- [ RunTime:0.000000s ]
DEBUG: [ Jiechengkeji ] [ 14:05:11 ] [ initializing ]BaseController
DEBUG: [ Jiechengkeji ] [ 14:05:11 ] [ initialized ]BaseController
DEBUG: [ Jiechengkeji ] [ 14:05:11 ] [ execute ]login()
DEBUG: [ Jiechengkeji ] [ 14:05:11 ] [ name ]orcknight
DEBUG: [ Jiechengkeji ] [ 14:05:11 ] [ pass ]aq123456
SQL: SELECT password FROM user WHERE name = 'orcknight' [ RunTime:0.0000s ]

[ 2017-02-24T14:06:01+08:00 ] 127.0.0.1 /index.php/Home/User/login?callback=jQuery2140037143769205288724_1487916361580&id=orcknight&pass=aq123456&_=1487916361581
INFO: [ app_init ] --START--
INFO: Run Behavior\BuildLiteBehavior [ RunTime:0.000000s ]
INFO: [ app_init ] --END-- [ RunTime:0.000000s ]
INFO: [ app_begin ] --START--
INFO: Run Behavior\ReadHtmlCacheBehavior [ RunTime:0.000000s ]
INFO: [ app_begin ] --END-- [ RunTime:0.000000s ]
DEBUG: [ Jiechengkeji ] [ 14:06:01 ] [ initializing ]BaseController
DEBUG: [ Jiechengkeji ] [ 14:06:01 ] [ initialized ]BaseController
DEBUG: [ Jiechengkeji ] [ 14:06:01 ] [ execute ]login()
DEBUG: [ Jiechengkeji ] [ 14:06:01 ] [ name ]orcknight
DEBUG: [ Jiechengkeji ] [ 14:06:01 ] [ pass ]aq123456
SQL: SELECT password FROM user WHERE name = 'orcknight' [ RunTime:0.0000s ]

[ 2017-02-24T14:07:17+08:00 ] 127.0.0.1 /index.php/Home/User/login?callback=jQuery21406384148298632704_1487916437018&id=orcknight&pass=aq123456&_=1487916437019
INFO: [ app_init ] --START--
INFO: Run Behavior\BuildLiteBehavior [ RunTime:0.000000s ]
INFO: [ app_init ] --END-- [ RunTime:0.000000s ]
INFO: [ app_begin ] --START--
INFO: Run Behavior\ReadHtmlCacheBehavior [ RunTime:0.001000s ]
INFO: [ app_begin ] --END-- [ RunTime:0.001000s ]
DEBUG: [ Jiechengkeji ] [ 14:07:17 ] [ initializing ]BaseController
DEBUG: [ Jiechengkeji ] [ 14:07:17 ] [ initialized ]BaseController
DEBUG: [ Jiechengkeji ] [ 14:07:17 ] [ execute ]login()
DEBUG: [ Jiechengkeji ] [ 14:07:17 ] [ name ]orcknight
DEBUG: [ Jiechengkeji ] [ 14:07:17 ] [ pass ]aq123456
SQL: SELECT password FROM user WHERE name = 'orcknight' [ RunTime:0.0000s ]

[ 2017-02-24T14:08:34+08:00 ] 127.0.0.1 /index.php/Home/User/login?callback=jQuery21406967534863499825_1487916514155&id=orcknight&pass=aq123456&_=1487916514156
INFO: [ app_init ] --START--
INFO: Run Behavior\BuildLiteBehavior [ RunTime:0.000000s ]
INFO: [ app_init ] --END-- [ RunTime:0.001000s ]
INFO: [ app_begin ] --START--
INFO: Run Behavior\ReadHtmlCacheBehavior [ RunTime:0.001000s ]
INFO: [ app_begin ] --END-- [ RunTime:0.001000s ]
DEBUG: [ Jiechengkeji ] [ 14:08:34 ] [ initializing ]BaseController
DEBUG: [ Jiechengkeji ] [ 14:08:34 ] [ initialized ]BaseController
DEBUG: [ Jiechengkeji ] [ 14:08:34 ] [ execute ]login()
DEBUG: [ Jiechengkeji ] [ 14:08:34 ] [ name ]orcknight
DEBUG: [ Jiechengkeji ] [ 14:08:34 ] [ pass ]aq123456
SQL: SELECT password FROM user WHERE name = 'orcknight' [ RunTime:0.0000s ]

[ 2017-02-24T14:09:45+08:00 ] 127.0.0.1 /index.php/Home/User/login?callback=jQuery214024902935789875613_1487916585594&id=orcknight&pass=aq123456&_=1487916585595
INFO: [ app_init ] --START--
INFO: Run Behavior\BuildLiteBehavior [ RunTime:0.000000s ]
INFO: [ app_init ] --END-- [ RunTime:0.001000s ]
INFO: [ app_begin ] --START--
INFO: Run Behavior\ReadHtmlCacheBehavior [ RunTime:0.000000s ]
INFO: [ app_begin ] --END-- [ RunTime:0.001000s ]
DEBUG: [ Jiechengkeji ] [ 14:09:45 ] [ initializing ]BaseController
DEBUG: [ Jiechengkeji ] [ 14:09:45 ] [ initialized ]BaseController
DEBUG: [ Jiechengkeji ] [ 14:09:45 ] [ execute ]login()
DEBUG: [ Jiechengkeji ] [ 14:09:45 ] [ name ]orcknight
DEBUG: [ Jiechengkeji ] [ 14:09:45 ] [ pass ]aq123456
SQL: SELECT password FROM user WHERE name = 'orcknight' [ RunTime:0.0000s ]

[ 2017-02-24T14:11:35+08:00 ] 127.0.0.1 /index.php/Home/User/login?callback=jQuery21406935887840630333_1487916694964&id=orcknight&pass=aq123456&_=1487916694965
INFO: [ app_init ] --START--
INFO: Run Behavior\BuildLiteBehavior [ RunTime:0.000000s ]
INFO: [ app_init ] --END-- [ RunTime:0.000000s ]
INFO: [ app_begin ] --START--
INFO: Run Behavior\ReadHtmlCacheBehavior [ RunTime:0.000000s ]
INFO: [ app_begin ] --END-- [ RunTime:0.000000s ]
DEBUG: [ Jiechengkeji ] [ 14:11:35 ] [ initializing ]BaseController
DEBUG: [ Jiechengkeji ] [ 14:11:35 ] [ initialized ]BaseController
DEBUG: [ Jiechengkeji ] [ 14:11:35 ] [ execute ]login()
DEBUG: [ Jiechengkeji ] [ 14:11:35 ] [ name ]orcknight
DEBUG: [ Jiechengkeji ] [ 14:11:35 ] [ pass ]aq123456
SQL: SELECT password FROM user WHERE name = 'orcknight' [ RunTime:0.0000s ]

[ 2017-02-24T14:17:53+08:00 ] 127.0.0.1 /index.php/Home/User/login?callback=jQuery21403963700593668702_1487917073126&id=orcknight&pass=aq123456&_=1487917073127
INFO: [ app_init ] --START--
INFO: Run Behavior\BuildLiteBehavior [ RunTime:0.000000s ]
INFO: [ app_init ] --END-- [ RunTime:0.000000s ]
INFO: [ app_begin ] --START--
INFO: Run Behavior\ReadHtmlCacheBehavior [ RunTime:0.001000s ]
INFO: [ app_begin ] --END-- [ RunTime:0.001000s ]
DEBUG: [ Jiechengkeji ] [ 14:17:53 ] [ initializing ]BaseController
DEBUG: [ Jiechengkeji ] [ 14:17:53 ] [ initialized ]BaseController
DEBUG: [ Jiechengkeji ] [ 14:17:53 ] [ execute ]login()
DEBUG: [ Jiechengkeji ] [ 14:17:53 ] [ name ]orcknight
DEBUG: [ Jiechengkeji ] [ 14:17:53 ] [ pass ]aq123456
SQL: SELECT password FROM user WHERE name = 'orcknight' [ RunTime:0.0010s ]

[ 2017-02-24T14:18:28+08:00 ] 127.0.0.1 /index.php/Home/User/login?callback=jQuery214030223214453743275_1487917108004&id=orcknight&pass=aq123456&_=1487917108005
INFO: [ app_init ] --START--
INFO: Run Behavior\BuildLiteBehavior [ RunTime:0.000000s ]
INFO: [ app_init ] --END-- [ RunTime:0.003001s ]
INFO: [ app_begin ] --START--
INFO: Run Behavior\ReadHtmlCacheBehavior [ RunTime:0.000000s ]
INFO: [ app_begin ] --END-- [ RunTime:0.000000s ]
DEBUG: [ Jiechengkeji ] [ 14:18:28 ] [ initializing ]BaseController
DEBUG: [ Jiechengkeji ] [ 14:18:28 ] [ initialized ]BaseController
DEBUG: [ Jiechengkeji ] [ 14:18:28 ] [ execute ]login()
DEBUG: [ Jiechengkeji ] [ 14:18:28 ] [ name ]orcknight
DEBUG: [ Jiechengkeji ] [ 14:18:28 ] [ pass ]aq123456
SQL: SELECT password FROM user WHERE name = 'orcknight' [ RunTime:0.0000s ]

[ 2017-02-24T14:20:59+08:00 ] 127.0.0.1 /index.php/Home/User/login?callback=jQuery2140694553788284356_1487917259055&id=orcknight&pass=aq123456&_=1487917259056
INFO: [ app_init ] --START--
INFO: Run Behavior\BuildLiteBehavior [ RunTime:0.000000s ]
INFO: [ app_init ] --END-- [ RunTime:0.001000s ]
INFO: [ app_begin ] --START--
INFO: Run Behavior\ReadHtmlCacheBehavior [ RunTime:0.001001s ]
INFO: [ app_begin ] --END-- [ RunTime:0.001001s ]
DEBUG: [ Jiechengkeji ] [ 14:20:59 ] [ initializing ]BaseController
DEBUG: [ Jiechengkeji ] [ 14:20:59 ] [ initialized ]BaseController
DEBUG: [ Jiechengkeji ] [ 14:20:59 ] [ execute ]login()
DEBUG: [ Jiechengkeji ] [ 14:20:59 ] [ name ]orcknight
DEBUG: [ Jiechengkeji ] [ 14:20:59 ] [ pass ]aq123456
SQL: SELECT password FROM user WHERE name = 'orcknight' [ RunTime:0.0000s ]

[ 2017-02-24T14:30:14+08:00 ] 127.0.0.1 /index.php/Home/User/login?callback=jQuery21406035671764137813_1487917813787&id=orcknight&pass=aq123456&_=1487917813788
INFO: [ app_init ] --START--
INFO: Run Behavior\BuildLiteBehavior [ RunTime:0.000000s ]
INFO: [ app_init ] --END-- [ RunTime:0.000000s ]
INFO: [ app_begin ] --START--
INFO: Run Behavior\ReadHtmlCacheBehavior [ RunTime:0.001000s ]
INFO: [ app_begin ] --END-- [ RunTime:0.001000s ]
DEBUG: [ Jiechengkeji ] [ 14:30:14 ] [ initializing ]BaseController
DEBUG: [ Jiechengkeji ] [ 14:30:14 ] [ initialized ]BaseController
DEBUG: [ Jiechengkeji ] [ 14:30:14 ] [ execute ]login()
DEBUG: [ Jiechengkeji ] [ 14:30:14 ] [ name ]orcknight
DEBUG: [ Jiechengkeji ] [ 14:30:14 ] [ pass ]aq123456
SQL: SELECT password FROM user WHERE name = 'orcknight' [ RunTime:0.0000s ]

[ 2017-02-24T14:31:22+08:00 ] 127.0.0.1 /index.php/Home/User/login?callback=jQuery21407537767193732976_1487917881862&id=orcknight&pass=aq123456&_=1487917881863
INFO: [ app_init ] --START--
INFO: Run Behavior\BuildLiteBehavior [ RunTime:0.000000s ]
INFO: [ app_init ] --END-- [ RunTime:0.001000s ]
INFO: [ app_begin ] --START--
INFO: Run Behavior\ReadHtmlCacheBehavior [ RunTime:0.000000s ]
INFO: [ app_begin ] --END-- [ RunTime:0.000000s ]
DEBUG: [ Jiechengkeji ] [ 14:31:22 ] [ initializing ]BaseController
DEBUG: [ Jiechengkeji ] [ 14:31:22 ] [ initialized ]BaseController
DEBUG: [ Jiechengkeji ] [ 14:31:22 ] [ execute ]login()
DEBUG: [ Jiechengkeji ] [ 14:31:22 ] [ name ]orcknight
DEBUG: [ Jiechengkeji ] [ 14:31:22 ] [ pass ]aq123456
SQL: SELECT password FROM user WHERE name = 'orcknight' [ RunTime:0.0000s ]

[ 2017-02-24T14:34:47+08:00 ] 127.0.0.1 /index.php/Home/User/login?callback=jQuery21408321381676234239_1487918085768&id=orcknight&pass=aq123456&_=1487918085769
INFO: [ app_init ] --START--
INFO: Run Behavior\BuildLiteBehavior [ RunTime:0.000000s ]
INFO: [ app_init ] --END-- [ RunTime:0.000000s ]
INFO: [ app_begin ] --START--
INFO: Run Behavior\ReadHtmlCacheBehavior [ RunTime:0.000000s ]
INFO: [ app_begin ] --END-- [ RunTime:0.000000s ]
DEBUG: [ Jiechengkeji ] [ 14:34:47 ] [ initializing ]BaseController
DEBUG: [ Jiechengkeji ] [ 14:34:47 ] [ initialized ]BaseController
DEBUG: [ Jiechengkeji ] [ 14:34:47 ] [ execute ]login()
DEBUG: [ Jiechengkeji ] [ 14:34:47 ] [ name ]orcknight
DEBUG: [ Jiechengkeji ] [ 14:34:47 ] [ pass ]aq123456
SQL: SELECT password FROM user WHERE name = 'orcknight' [ RunTime:0.0000s ]

[ 2017-02-24T14:37:02+08:00 ] 127.0.0.1 /index.php/Home/User/login?callback=jQuery21407224602641262567_1487918220003&id=orcknight&pass=aq123456&_=1487918220004
INFO: [ app_init ] --START--
INFO: Run Behavior\BuildLiteBehavior [ RunTime:0.000000s ]
INFO: [ app_init ] --END-- [ RunTime:0.000000s ]
INFO: [ app_begin ] --START--
INFO: Run Behavior\ReadHtmlCacheBehavior [ RunTime:0.001000s ]
INFO: [ app_begin ] --END-- [ RunTime:0.001000s ]
DEBUG: [ Jiechengkeji ] [ 14:37:02 ] [ initializing ]BaseController
DEBUG: [ Jiechengkeji ] [ 14:37:02 ] [ initialized ]BaseController
DEBUG: [ Jiechengkeji ] [ 14:37:02 ] [ execute ]login()
DEBUG: [ Jiechengkeji ] [ 14:37:02 ] [ name ]orcknight
DEBUG: [ Jiechengkeji ] [ 14:37:02 ] [ pass ]aq123456
SQL: SELECT password FROM user WHERE name = 'orcknight' [ RunTime:0.0000s ]

[ 2017-02-24T17:09:35+08:00 ] 127.0.0.1 /index.php/Home/User/login?callback=jQuery21407527628501783161_1487927321457&id=orcknight&pass=aq123456&_=1487927321458
INFO: [ app_init ] --START--
INFO: Run Behavior\BuildLiteBehavior [ RunTime:0.000000s ]
INFO: [ app_init ] --END-- [ RunTime:0.000000s ]
INFO: [ app_begin ] --START--
INFO: Run Behavior\ReadHtmlCacheBehavior [ RunTime:0.000000s ]
INFO: [ app_begin ] --END-- [ RunTime:0.000000s ]
DEBUG: [ Jiechengkeji ] [ 17:09:35 ] [ initializing ]BaseController
DEBUG: [ Jiechengkeji ] [ 17:09:35 ] [ initialized ]BaseController
DEBUG: [ Jiechengkeji ] [ 17:09:35 ] [ execute ]login()
DEBUG: [ Jiechengkeji ] [ 17:09:35 ] [ name ]orcknight
DEBUG: [ Jiechengkeji ] [ 17:09:35 ] [ pass ]aq123456
SQL: SELECT password FROM user WHERE name = 'orcknight' [ RunTime:0.0000s ]

[ 2017-02-24T17:15:21+08:00 ] 127.0.0.1 /index.php/Home/User/login?callback=jQuery21406970716840046702_1487927719244&id=orcknight&pass=aq123456&_=1487927719245
INFO: [ app_init ] --START--
INFO: Run Behavior\BuildLiteBehavior [ RunTime:0.000000s ]
INFO: [ app_init ] --END-- [ RunTime:0.001000s ]
INFO: [ app_begin ] --START--
INFO: Run Behavior\ReadHtmlCacheBehavior [ RunTime:0.001000s ]
INFO: [ app_begin ] --END-- [ RunTime:0.001000s ]
DEBUG: [ Jiechengkeji ] [ 17:15:21 ] [ initializing ]BaseController
DEBUG: [ Jiechengkeji ] [ 17:15:21 ] [ initialized ]BaseController
DEBUG: [ Jiechengkeji ] [ 17:15:21 ] [ execute ]login()
DEBUG: [ Jiechengkeji ] [ 17:15:21 ] [ name ]orcknight
DEBUG: [ Jiechengkeji ] [ 17:15:21 ] [ pass ]aq123456
SQL: SELECT password FROM user WHERE name = 'orcknight' [ RunTime:0.0000s ]

[ 2017-02-24T17:17:13+08:00 ] 127.0.0.1 /index.php/Home/User/login?callback=jQuery21404207195212459136_1487927832809&id=orcknight&pass=aq123456&_=1487927832810
INFO: [ app_init ] --START--
INFO: Run Behavior\BuildLiteBehavior [ RunTime:0.000000s ]
INFO: [ app_init ] --END-- [ RunTime:0.000000s ]
INFO: [ app_begin ] --START--
INFO: Run Behavior\ReadHtmlCacheBehavior [ RunTime:0.000000s ]
INFO: [ app_begin ] --END-- [ RunTime:0.000000s ]
DEBUG: [ Jiechengkeji ] [ 17:17:13 ] [ initializing ]BaseController
DEBUG: [ Jiechengkeji ] [ 17:17:13 ] [ initialized ]BaseController
DEBUG: [ Jiechengkeji ] [ 17:17:13 ] [ execute ]login()
DEBUG: [ Jiechengkeji ] [ 17:17:13 ] [ name ]orcknight
DEBUG: [ Jiechengkeji ] [ 17:17:13 ] [ pass ]aq123456
SQL: SELECT password FROM user WHERE name = 'orcknight' [ RunTime:0.0000s ]

[ 2017-02-24T17:19:37+08:00 ] 127.0.0.1 /index.php/Home/User/login?callback=jQuery214091257768419634_1487927977362&id=orcknight&pass=aq123456&_=1487927977363
INFO: [ app_init ] --START--
INFO: Run Behavior\BuildLiteBehavior [ RunTime:0.000000s ]
INFO: [ app_init ] --END-- [ RunTime:0.000000s ]
INFO: [ app_begin ] --START--
INFO: Run Behavior\ReadHtmlCacheBehavior [ RunTime:0.000000s ]
INFO: [ app_begin ] --END-- [ RunTime:0.000000s ]
DEBUG: [ Jiechengkeji ] [ 17:19:37 ] [ initializing ]BaseController
DEBUG: [ Jiechengkeji ] [ 17:19:37 ] [ initialized ]BaseController
DEBUG: [ Jiechengkeji ] [ 17:19:37 ] [ execute ]login()
DEBUG: [ Jiechengkeji ] [ 17:19:37 ] [ name ]orcknight
DEBUG: [ Jiechengkeji ] [ 17:19:37 ] [ pass ]aq123456
SQL: SELECT password FROM user WHERE name = 'orcknight' [ RunTime:0.0000s ]

