[ 2017-03-01T16:14:06+08:00 ] 127.0.0.1 /index.php/Home/User/login?callback=jQuery21408671255974560419_1488356045145&id=orcknight&pass=aq123456&_=1488356045146
INFO: [ app_init ] --START--
INFO: Run Behavior\BuildLiteBehavior [ RunTime:0.000000s ]
INFO: [ app_init ] --END-- [ RunTime:0.001000s ]
INFO: [ app_begin ] --START--
INFO: Run Behavior\ReadHtmlCacheBehavior [ RunTime:0.001000s ]
INFO: [ app_begin ] --END-- [ RunTime:0.001000s ]
DEBUG: [ Jiechengkeji ] [ 16:14:06 ] [ initializing ]BaseController
DEBUG: [ Jiechengkeji ] [ 16:14:06 ] [ initialized ]BaseController
DEBUG: [ Jiechengkeji ] [ 16:14:06 ] [ execute ]login()
DEBUG: [ Jiechengkeji ] [ 16:14:06 ] [ name ]orcknight
DEBUG: [ Jiechengkeji ] [ 16:14:06 ] [ pass ]aq123456
SQL: SELECT password FROM user WHERE name = 'orcknight' [ RunTime:0.0260s ]

[ 2017-03-01T16:50:12+08:00 ] 127.0.0.1 /index.php/Home/User/login?callback=jQuery214045901928147048343_1488358211931&id=orcknight&pass=aq123456&_=1488358211932
INFO: [ app_init ] --START--
INFO: Run Behavior\BuildLiteBehavior [ RunTime:0.000000s ]
INFO: [ app_init ] --END-- [ RunTime:0.001000s ]
INFO: [ app_begin ] --START--
INFO: Run Behavior\ReadHtmlCacheBehavior [ RunTime:0.001000s ]
INFO: [ app_begin ] --END-- [ RunTime:0.001000s ]
DEBUG: [ Jiechengkeji ] [ 16:50:12 ] [ initializing ]BaseController
DEBUG: [ Jiechengkeji ] [ 16:50:12 ] [ initialized ]BaseController
DEBUG: [ Jiechengkeji ] [ 16:50:12 ] [ execute ]login()
DEBUG: [ Jiechengkeji ] [ 16:50:12 ] [ name ]orcknight
DEBUG: [ Jiechengkeji ] [ 16:50:12 ] [ pass ]aq123456
SQL: SELECT password FROM user WHERE name = 'orcknight' [ RunTime:0.0300s ]

[ 2017-03-01T16:50:21+08:00 ] 127.0.0.1 /index.php/Home/User/login?callback=jQuery2140994268893926207_1488358221028&id=orcknight&pass=aq123456&_=1488358221029
INFO: [ app_init ] --START--
INFO: Run Behavior\BuildLiteBehavior [ RunTime:0.000000s ]
INFO: [ app_init ] --END-- [ RunTime:0.001001s ]
INFO: [ app_begin ] --START--
INFO: Run Behavior\ReadHtmlCacheBehavior [ RunTime:0.000000s ]
INFO: [ app_begin ] --END-- [ RunTime:0.001000s ]
DEBUG: [ Jiechengkeji ] [ 16:50:21 ] [ initializing ]BaseController
DEBUG: [ Jiechengkeji ] [ 16:50:21 ] [ initialized ]BaseController
DEBUG: [ Jiechengkeji ] [ 16:50:21 ] [ execute ]login()
DEBUG: [ Jiechengkeji ] [ 16:50:21 ] [ name ]orcknight
DEBUG: [ Jiechengkeji ] [ 16:50:21 ] [ pass ]aq123456
SQL: SELECT password FROM user WHERE name = 'orcknight' [ RunTime:0.0320s ]

[ 2017-03-01T16:56:00+08:00 ] 127.0.0.1 /index.php/Home/User/login?callback=jQuery214034602082854082417_1488358560290&id=orcknight&pass=aq123456&_=1488358560291
INFO: [ app_init ] --START--
INFO: Run Behavior\BuildLiteBehavior [ RunTime:0.000000s ]
INFO: [ app_init ] --END-- [ RunTime:0.001000s ]
INFO: [ app_begin ] --START--
INFO: Run Behavior\ReadHtmlCacheBehavior [ RunTime:0.001000s ]
INFO: [ app_begin ] --END-- [ RunTime:0.001000s ]
DEBUG: [ Jiechengkeji ] [ 16:56:00 ] [ initializing ]BaseController
DEBUG: [ Jiechengkeji ] [ 16:56:00 ] [ initialized ]BaseController
DEBUG: [ Jiechengkeji ] [ 16:56:00 ] [ execute ]login()
DEBUG: [ Jiechengkeji ] [ 16:56:00 ] [ name ]orcknight
DEBUG: [ Jiechengkeji ] [ 16:56:00 ] [ pass ]aq123456
SQL: SELECT password FROM user WHERE name = 'orcknight' [ RunTime:0.0340s ]

[ 2017-03-01T17:03:59+08:00 ] 127.0.0.1 /index.php/Home/User/login?callback=jQuery214035648471778877555_1488359038853&id=orcknight&pass=aq123456&_=1488359038854
INFO: [ app_init ] --START--
INFO: Run Behavior\BuildLiteBehavior [ RunTime:0.000000s ]
INFO: [ app_init ] --END-- [ RunTime:0.001000s ]
INFO: [ app_begin ] --START--
INFO: Run Behavior\ReadHtmlCacheBehavior [ RunTime:0.000000s ]
INFO: [ app_begin ] --END-- [ RunTime:0.001000s ]
DEBUG: [ Jiechengkeji ] [ 17:03:59 ] [ initializing ]BaseController
DEBUG: [ Jiechengkeji ] [ 17:03:59 ] [ initialized ]BaseController
DEBUG: [ Jiechengkeji ] [ 17:03:59 ] [ execute ]login()
DEBUG: [ Jiechengkeji ] [ 17:03:59 ] [ name ]orcknight
DEBUG: [ Jiechengkeji ] [ 17:03:59 ] [ pass ]aq123456
SQL: SELECT password FROM user WHERE name = 'orcknight' [ RunTime:0.0280s ]

[ 2017-03-01T17:05:43+08:00 ] 127.0.0.1 /index.php/Home/User/login?callback=jQuery21407557423720702239_1488359141434&id=orcknight&pass=aq123456&_=1488359141435
INFO: [ app_init ] --START--
INFO: Run Behavior\BuildLiteBehavior [ RunTime:0.000000s ]
INFO: [ app_init ] --END-- [ RunTime:0.001001s ]
INFO: [ app_begin ] --START--
INFO: Run Behavior\ReadHtmlCacheBehavior [ RunTime:0.001000s ]
INFO: [ app_begin ] --END-- [ RunTime:0.001000s ]
DEBUG: [ Jiechengkeji ] [ 17:05:41 ] [ initializing ]BaseController
DEBUG: [ Jiechengkeji ] [ 17:05:41 ] [ initialized ]BaseController
DEBUG: [ Jiechengkeji ] [ 17:05:41 ] [ execute ]login()
DEBUG: [ Jiechengkeji ] [ 17:05:41 ] [ name ]orcknight
DEBUG: [ Jiechengkeji ] [ 17:05:41 ] [ pass ]aq123456
SQL: SELECT password FROM user WHERE name = 'orcknight' [ RunTime:0.0250s ]

[ 2017-03-01T17:07:27+08:00 ] 127.0.0.1 /index.php/Home/User/login?callback=jQuery214008994799860580582_1488359246559&id=orcknight&pass=aq123456&_=1488359246560
INFO: [ app_init ] --START--
INFO: Run Behavior\BuildLiteBehavior [ RunTime:0.000000s ]
INFO: [ app_init ] --END-- [ RunTime:0.000000s ]
INFO: [ app_begin ] --START--
INFO: Run Behavior\ReadHtmlCacheBehavior [ RunTime:0.001000s ]
INFO: [ app_begin ] --END-- [ RunTime:0.001000s ]
DEBUG: [ Jiechengkeji ] [ 17:07:26 ] [ initializing ]BaseController
DEBUG: [ Jiechengkeji ] [ 17:07:26 ] [ initialized ]BaseController
DEBUG: [ Jiechengkeji ] [ 17:07:26 ] [ execute ]login()
DEBUG: [ Jiechengkeji ] [ 17:07:26 ] [ name ]orcknight
DEBUG: [ Jiechengkeji ] [ 17:07:26 ] [ pass ]aq123456
SQL: SELECT password FROM user WHERE name = 'orcknight' [ RunTime:0.0310s ]

[ 2017-03-01T17:08:52+08:00 ] 127.0.0.1 /index.php/Home/User/login?callback=jQuery21409865778570984935_1488359331697&id=orcknight&pass=aq123456&_=1488359331698
INFO: [ app_init ] --START--
INFO: Run Behavior\BuildLiteBehavior [ RunTime:0.000000s ]
INFO: [ app_init ] --END-- [ RunTime:0.001000s ]
INFO: [ app_begin ] --START--
INFO: Run Behavior\ReadHtmlCacheBehavior [ RunTime:0.000000s ]
INFO: [ app_begin ] --END-- [ RunTime:0.001000s ]
DEBUG: [ Jiechengkeji ] [ 17:08:52 ] [ initializing ]BaseController
DEBUG: [ Jiechengkeji ] [ 17:08:52 ] [ initialized ]BaseController
DEBUG: [ Jiechengkeji ] [ 17:08:52 ] [ execute ]login()
DEBUG: [ Jiechengkeji ] [ 17:08:52 ] [ name ]orcknight
DEBUG: [ Jiechengkeji ] [ 17:08:52 ] [ pass ]aq123456
SQL: SELECT password FROM user WHERE name = 'orcknight' [ RunTime:0.0260s ]

[ 2017-03-01T17:09:51+08:00 ] 127.0.0.1 /index.php/Home/User/login?callback=jQuery214015323933720278782_1488359390776&id=orcknight&pass=aq123456&_=1488359390777
INFO: [ app_init ] --START--
INFO: Run Behavior\BuildLiteBehavior [ RunTime:0.000000s ]
INFO: [ app_init ] --END-- [ RunTime:0.001000s ]
INFO: [ app_begin ] --START--
INFO: Run Behavior\ReadHtmlCacheBehavior [ RunTime:0.001000s ]
INFO: [ app_begin ] --END-- [ RunTime:0.001000s ]
DEBUG: [ Jiechengkeji ] [ 17:09:51 ] [ initializing ]BaseController
DEBUG: [ Jiechengkeji ] [ 17:09:51 ] [ initialized ]BaseController
DEBUG: [ Jiechengkeji ] [ 17:09:51 ] [ execute ]login()
DEBUG: [ Jiechengkeji ] [ 17:09:51 ] [ name ]orcknight
DEBUG: [ Jiechengkeji ] [ 17:09:51 ] [ pass ]aq123456
SQL: SELECT password FROM user WHERE name = 'orcknight' [ RunTime:0.0390s ]

[ 2017-03-01T17:11:28+08:00 ] 127.0.0.1 /index.php/Home/User/login?callback=jQuery2140029629730156929268_1488359487687&id=orcknight&pass=aq123456&_=1488359487688
INFO: [ app_init ] --START--
INFO: Run Behavior\BuildLiteBehavior [ RunTime:0.000000s ]
INFO: [ app_init ] --END-- [ RunTime:0.000000s ]
INFO: [ app_begin ] --START--
INFO: Run Behavior\ReadHtmlCacheBehavior [ RunTime:0.000000s ]
INFO: [ app_begin ] --END-- [ RunTime:0.000000s ]
DEBUG: [ Jiechengkeji ] [ 17:11:28 ] [ initializing ]BaseController
DEBUG: [ Jiechengkeji ] [ 17:11:28 ] [ initialized ]BaseController
DEBUG: [ Jiechengkeji ] [ 17:11:28 ] [ execute ]login()
DEBUG: [ Jiechengkeji ] [ 17:11:28 ] [ name ]orcknight
DEBUG: [ Jiechengkeji ] [ 17:11:28 ] [ pass ]aq123456
SQL: SELECT password FROM user WHERE name = 'orcknight' [ RunTime:0.0270s ]

[ 2017-03-01T17:14:04+08:00 ] 127.0.0.1 /index.php/Home/User/login?callback=jQuery21409739086542347752_1488359644231&id=orcknight&pass=aq123456&_=1488359644232
INFO: [ app_init ] --START--
INFO: Run Behavior\BuildLiteBehavior [ RunTime:0.000000s ]
INFO: [ app_init ] --END-- [ RunTime:0.001000s ]
INFO: [ app_begin ] --START--
INFO: Run Behavior\ReadHtmlCacheBehavior [ RunTime:0.001000s ]
INFO: [ app_begin ] --END-- [ RunTime:0.001000s ]
DEBUG: [ Jiechengkeji ] [ 17:14:04 ] [ initializing ]BaseController
DEBUG: [ Jiechengkeji ] [ 17:14:04 ] [ initialized ]BaseController
DEBUG: [ Jiechengkeji ] [ 17:14:04 ] [ execute ]login()
DEBUG: [ Jiechengkeji ] [ 17:14:04 ] [ name ]orcknight
DEBUG: [ Jiechengkeji ] [ 17:14:04 ] [ pass ]aq123456
SQL: SELECT password FROM user WHERE name = 'orcknight' [ RunTime:0.0280s ]

[ 2017-03-01T17:18:48+08:00 ] 127.0.0.1 /index.php/Home/User/login?callback=jQuery214019929762830366338_1488359928067&id=orcknight&pass=aq123456&_=1488359928068
INFO: [ app_init ] --START--
INFO: Run Behavior\BuildLiteBehavior [ RunTime:0.000000s ]
INFO: [ app_init ] --END-- [ RunTime:0.001000s ]
INFO: [ app_begin ] --START--
INFO: Run Behavior\ReadHtmlCacheBehavior [ RunTime:0.000000s ]
INFO: [ app_begin ] --END-- [ RunTime:0.001000s ]
DEBUG: [ Jiechengkeji ] [ 17:18:48 ] [ initializing ]BaseController
DEBUG: [ Jiechengkeji ] [ 17:18:48 ] [ initialized ]BaseController
DEBUG: [ Jiechengkeji ] [ 17:18:48 ] [ execute ]login()
DEBUG: [ Jiechengkeji ] [ 17:18:48 ] [ name ]orcknight
DEBUG: [ Jiechengkeji ] [ 17:18:48 ] [ pass ]aq123456
SQL: SELECT password FROM user WHERE name = 'orcknight' [ RunTime:0.0270s ]

[ 2017-03-01T17:18:59+08:00 ] 127.0.0.1 /index.php/Home/User/login?callback=jQuery21409925633261647564_1488359938928&id=orcknight&pass=aq123456&_=1488359938929
INFO: [ app_init ] --START--
INFO: Run Behavior\BuildLiteBehavior [ RunTime:0.000000s ]
INFO: [ app_init ] --END-- [ RunTime:0.000000s ]
INFO: [ app_begin ] --START--
INFO: Run Behavior\ReadHtmlCacheBehavior [ RunTime:0.001000s ]
INFO: [ app_begin ] --END-- [ RunTime:0.001000s ]
DEBUG: [ Jiechengkeji ] [ 17:18:59 ] [ initializing ]BaseController
DEBUG: [ Jiechengkeji ] [ 17:18:59 ] [ initialized ]BaseController
DEBUG: [ Jiechengkeji ] [ 17:18:59 ] [ execute ]login()
DEBUG: [ Jiechengkeji ] [ 17:18:59 ] [ name ]orcknight
DEBUG: [ Jiechengkeji ] [ 17:18:59 ] [ pass ]aq123456
SQL: SELECT password FROM user WHERE name = 'orcknight' [ RunTime:0.0260s ]

[ 2017-03-01T19:19:15+08:00 ] 127.0.0.1 /index.php/Home/User/login?callback=jQuery21408459056543289711_1488367154268&id=orcknight&pass=aq123456&_=1488367154269
INFO: [ app_init ] --START--
INFO: Run Behavior\BuildLiteBehavior [ RunTime:0.000000s ]
INFO: [ app_init ] --END-- [ RunTime:0.000000s ]
INFO: [ app_begin ] --START--
INFO: Run Behavior\ReadHtmlCacheBehavior [ RunTime:0.001000s ]
INFO: [ app_begin ] --END-- [ RunTime:0.001000s ]
DEBUG: [ Jiechengkeji ] [ 19:19:14 ] [ initializing ]BaseController
DEBUG: [ Jiechengkeji ] [ 19:19:14 ] [ initialized ]BaseController
DEBUG: [ Jiechengkeji ] [ 19:19:14 ] [ execute ]login()
DEBUG: [ Jiechengkeji ] [ 19:19:14 ] [ name ]orcknight
DEBUG: [ Jiechengkeji ] [ 19:19:14 ] [ pass ]aq123456
SQL: SELECT password FROM user WHERE name = 'orcknight' [ RunTime:0.0320s ]

[ 2017-03-01T19:22:41+08:00 ] 127.0.0.1 /index.php/Home/User/login?callback=jQuery21409796523000113666_1488367347266&id=orcknight&pass=aq123456&_=1488367347267
INFO: [ app_init ] --START--
INFO: Run Behavior\BuildLiteBehavior [ RunTime:0.000000s ]
INFO: [ app_init ] --END-- [ RunTime:0.001000s ]
INFO: [ app_begin ] --START--
INFO: Run Behavior\ReadHtmlCacheBehavior [ RunTime:0.001000s ]
INFO: [ app_begin ] --END-- [ RunTime:0.001000s ]
DEBUG: [ Jiechengkeji ] [ 19:22:41 ] [ initializing ]BaseController
DEBUG: [ Jiechengkeji ] [ 19:22:41 ] [ initialized ]BaseController
DEBUG: [ Jiechengkeji ] [ 19:22:41 ] [ execute ]login()
DEBUG: [ Jiechengkeji ] [ 19:22:41 ] [ name ]orcknight
DEBUG: [ Jiechengkeji ] [ 19:22:41 ] [ pass ]aq123456
SQL: SELECT password FROM user WHERE name = 'orcknight' [ RunTime:0.0340s ]

[ 2017-03-01T19:26:41+08:00 ] 127.0.0.1 /index.php/Home/User/login?callback=jQuery21407168518873103589_1488367600716&id=orcknight&pass=aq123456&_=1488367600717
INFO: [ app_init ] --START--
INFO: Run Behavior\BuildLiteBehavior [ RunTime:0.000000s ]
INFO: [ app_init ] --END-- [ RunTime:0.000000s ]
INFO: [ app_begin ] --START--
INFO: Run Behavior\ReadHtmlCacheBehavior [ RunTime:0.001000s ]
INFO: [ app_begin ] --END-- [ RunTime:0.001000s ]
DEBUG: [ Jiechengkeji ] [ 19:26:41 ] [ initializing ]BaseController
DEBUG: [ Jiechengkeji ] [ 19:26:41 ] [ initialized ]BaseController
DEBUG: [ Jiechengkeji ] [ 19:26:41 ] [ execute ]login()
DEBUG: [ Jiechengkeji ] [ 19:26:41 ] [ name ]orcknight
DEBUG: [ Jiechengkeji ] [ 19:26:41 ] [ pass ]aq123456
SQL: SELECT password FROM user WHERE name = 'orcknight' [ RunTime:0.0280s ]

[ 2017-03-01T19:28:01+08:00 ] 127.0.0.1 /index.php/Home/User/login?callback=jQuery214036530233760276865_1488367680080&id=orcknight&pass=aq123456&_=1488367680081
INFO: [ app_init ] --START--
INFO: Run Behavior\BuildLiteBehavior [ RunTime:0.000000s ]
INFO: [ app_init ] --END-- [ RunTime:0.001000s ]
INFO: [ app_begin ] --START--
INFO: Run Behavior\ReadHtmlCacheBehavior [ RunTime:0.000000s ]
INFO: [ app_begin ] --END-- [ RunTime:0.001001s ]
DEBUG: [ Jiechengkeji ] [ 19:28:00 ] [ initializing ]BaseController
DEBUG: [ Jiechengkeji ] [ 19:28:00 ] [ initialized ]BaseController
DEBUG: [ Jiechengkeji ] [ 19:28:00 ] [ execute ]login()
DEBUG: [ Jiechengkeji ] [ 19:28:00 ] [ name ]orcknight
DEBUG: [ Jiechengkeji ] [ 19:28:00 ] [ pass ]aq123456
SQL: SELECT password FROM user WHERE name = 'orcknight' [ RunTime:0.5340s ]

[ 2017-03-01T19:28:29+08:00 ] 127.0.0.1 /index.php/Home/User/login?callback=jQuery21408527407210785896_1488367709121&id=orcknight&pass=aq123456&_=1488367709122
INFO: [ app_init ] --START--
INFO: Run Behavior\BuildLiteBehavior [ RunTime:0.000000s ]
INFO: [ app_init ] --END-- [ RunTime:0.000000s ]
INFO: [ app_begin ] --START--
INFO: Run Behavior\ReadHtmlCacheBehavior [ RunTime:0.001000s ]
INFO: [ app_begin ] --END-- [ RunTime:0.001000s ]
DEBUG: [ Jiechengkeji ] [ 19:28:29 ] [ initializing ]BaseController
DEBUG: [ Jiechengkeji ] [ 19:28:29 ] [ initialized ]BaseController
DEBUG: [ Jiechengkeji ] [ 19:28:29 ] [ execute ]login()
DEBUG: [ Jiechengkeji ] [ 19:28:29 ] [ name ]orcknight
DEBUG: [ Jiechengkeji ] [ 19:28:29 ] [ pass ]aq123456
SQL: SELECT password FROM user WHERE name = 'orcknight' [ RunTime:0.0360s ]

[ 2017-03-01T19:31:33+08:00 ] 127.0.0.1 /index.php/Home/User/login?callback=jQuery2140012930549625501664_1488367893053&id=orcknight&pass=aq123456&_=1488367893054
INFO: [ app_init ] --START--
INFO: Run Behavior\BuildLiteBehavior [ RunTime:0.000000s ]
INFO: [ app_init ] --END-- [ RunTime:0.000000s ]
INFO: [ app_begin ] --START--
INFO: Run Behavior\ReadHtmlCacheBehavior [ RunTime:0.001000s ]
INFO: [ app_begin ] --END-- [ RunTime:0.001000s ]
DEBUG: [ Jiechengkeji ] [ 19:31:33 ] [ initializing ]BaseController
DEBUG: [ Jiechengkeji ] [ 19:31:33 ] [ initialized ]BaseController
DEBUG: [ Jiechengkeji ] [ 19:31:33 ] [ execute ]login()
DEBUG: [ Jiechengkeji ] [ 19:31:33 ] [ name ]orcknight
DEBUG: [ Jiechengkeji ] [ 19:31:33 ] [ pass ]aq123456
SQL: SELECT password FROM user WHERE name = 'orcknight' [ RunTime:0.0320s ]

[ 2017-03-01T19:33:38+08:00 ] 127.0.0.1 /index.php/Home/User/login?callback=jQuery214014603608908940213_1488368017858&id=orcknight&pass=aq123456&_=1488368017859
INFO: [ app_init ] --START--
INFO: Run Behavior\BuildLiteBehavior [ RunTime:0.000000s ]
INFO: [ app_init ] --END-- [ RunTime:0.001000s ]
INFO: [ app_begin ] --START--
INFO: Run Behavior\ReadHtmlCacheBehavior [ RunTime:0.001000s ]
INFO: [ app_begin ] --END-- [ RunTime:0.001000s ]
DEBUG: [ Jiechengkeji ] [ 19:33:38 ] [ initializing ]BaseController
DEBUG: [ Jiechengkeji ] [ 19:33:38 ] [ initialized ]BaseController
DEBUG: [ Jiechengkeji ] [ 19:33:38 ] [ execute ]login()
DEBUG: [ Jiechengkeji ] [ 19:33:38 ] [ name ]orcknight
DEBUG: [ Jiechengkeji ] [ 19:33:38 ] [ pass ]aq123456
SQL: SELECT password FROM user WHERE name = 'orcknight' [ RunTime:0.0370s ]

[ 2017-03-01T19:41:12+08:00 ] 127.0.0.1 /index.php/Home/User/login?callback=jQuery21407034606010889124_1488368471159&id=orcknight&pass=aq123456&_=1488368471160
INFO: [ app_init ] --START--
INFO: Run Behavior\BuildLiteBehavior [ RunTime:0.000000s ]
INFO: [ app_init ] --END-- [ RunTime:0.001000s ]
INFO: [ app_begin ] --START--
INFO: Run Behavior\ReadHtmlCacheBehavior [ RunTime:0.000000s ]
INFO: [ app_begin ] --END-- [ RunTime:0.001000s ]
DEBUG: [ Jiechengkeji ] [ 19:41:11 ] [ initializing ]BaseController
DEBUG: [ Jiechengkeji ] [ 19:41:11 ] [ initialized ]BaseController
DEBUG: [ Jiechengkeji ] [ 19:41:11 ] [ execute ]login()
DEBUG: [ Jiechengkeji ] [ 19:41:11 ] [ name ]orcknight
DEBUG: [ Jiechengkeji ] [ 19:41:11 ] [ pass ]aq123456
SQL: SELECT password FROM user WHERE name = 'orcknight' [ RunTime:0.0290s ]

[ 2017-03-01T21:29:54+08:00 ] 127.0.0.1 /index.php/Home/User/login?callback=jQuery21402750882427746062_1488374994158&id=orcknight&pass=aq123456&_=1488374994159
INFO: [ app_init ] --START--
INFO: Run Behavior\BuildLiteBehavior [ RunTime:0.000000s ]
INFO: [ app_init ] --END-- [ RunTime:0.001000s ]
INFO: [ app_begin ] --START--
INFO: Run Behavior\ReadHtmlCacheBehavior [ RunTime:0.000000s ]
INFO: [ app_begin ] --END-- [ RunTime:0.001000s ]
DEBUG: [ Jiechengkeji ] [ 21:29:54 ] [ initializing ]BaseController
DEBUG: [ Jiechengkeji ] [ 21:29:54 ] [ initialized ]BaseController
DEBUG: [ Jiechengkeji ] [ 21:29:54 ] [ execute ]login()
DEBUG: [ Jiechengkeji ] [ 21:29:54 ] [ name ]orcknight
DEBUG: [ Jiechengkeji ] [ 21:29:54 ] [ pass ]aq123456
SQL: SELECT password FROM user WHERE name = 'orcknight' [ RunTime:0.0270s ]

[ 2017-03-01T21:33:38+08:00 ] 127.0.0.1 /index.php/Home/User/login?callback=jQuery21408865810621973762_1488375217716&id=orcknight&pass=aq123456&_=1488375217717
INFO: [ app_init ] --START--
INFO: Run Behavior\BuildLiteBehavior [ RunTime:0.000000s ]
INFO: [ app_init ] --END-- [ RunTime:0.001000s ]
INFO: [ app_begin ] --START--
INFO: Run Behavior\ReadHtmlCacheBehavior [ RunTime:0.001000s ]
INFO: [ app_begin ] --END-- [ RunTime:0.001000s ]
DEBUG: [ Jiechengkeji ] [ 21:33:38 ] [ initializing ]BaseController
DEBUG: [ Jiechengkeji ] [ 21:33:38 ] [ initialized ]BaseController
DEBUG: [ Jiechengkeji ] [ 21:33:38 ] [ execute ]login()
DEBUG: [ Jiechengkeji ] [ 21:33:38 ] [ name ]orcknight
DEBUG: [ Jiechengkeji ] [ 21:33:38 ] [ pass ]aq123456
SQL: SELECT password FROM user WHERE name = 'orcknight' [ RunTime:0.0270s ]

[ 2017-03-01T21:34:25+08:00 ] 127.0.0.1 /index.php/Home/User/login?callback=jQuery21402730817959043028_1488375265123&id=orcknight&pass=aq123456&_=1488375265124
INFO: [ app_init ] --START--
INFO: Run Behavior\BuildLiteBehavior [ RunTime:0.000000s ]
INFO: [ app_init ] --END-- [ RunTime:0.000000s ]
INFO: [ app_begin ] --START--
INFO: Run Behavior\ReadHtmlCacheBehavior [ RunTime:0.001000s ]
INFO: [ app_begin ] --END-- [ RunTime:0.001000s ]
DEBUG: [ Jiechengkeji ] [ 21:34:25 ] [ initializing ]BaseController
DEBUG: [ Jiechengkeji ] [ 21:34:25 ] [ initialized ]BaseController
DEBUG: [ Jiechengkeji ] [ 21:34:25 ] [ execute ]login()
DEBUG: [ Jiechengkeji ] [ 21:34:25 ] [ name ]orcknight
DEBUG: [ Jiechengkeji ] [ 21:34:25 ] [ pass ]aq123456
SQL: SELECT password FROM user WHERE name = 'orcknight' [ RunTime:0.0260s ]

[ 2017-03-01T21:34:36+08:00 ] 127.0.0.1 /index.php/Home/User/login?callback=jQuery21409874006112467393_1488375276179&id=orcknight&pass=aq123456&_=1488375276180
INFO: [ app_init ] --START--
INFO: Run Behavior\BuildLiteBehavior [ RunTime:0.000000s ]
INFO: [ app_init ] --END-- [ RunTime:0.001000s ]
INFO: [ app_begin ] --START--
INFO: Run Behavior\ReadHtmlCacheBehavior [ RunTime:0.001000s ]
INFO: [ app_begin ] --END-- [ RunTime:0.001000s ]
DEBUG: [ Jiechengkeji ] [ 21:34:36 ] [ initializing ]BaseController
DEBUG: [ Jiechengkeji ] [ 21:34:36 ] [ initialized ]BaseController
DEBUG: [ Jiechengkeji ] [ 21:34:36 ] [ execute ]login()
DEBUG: [ Jiechengkeji ] [ 21:34:36 ] [ name ]orcknight
DEBUG: [ Jiechengkeji ] [ 21:34:36 ] [ pass ]aq123456
SQL: SELECT password FROM user WHERE name = 'orcknight' [ RunTime:0.0300s ]

