[ 2017-03-04T12:50:52+08:00 ] 127.0.0.1 /index.php/Home/User/login?callback=jQuery214008352908644435497_1488603051252&id=orcknight&pass=aq123456&_=1488603051253
INFO: [ app_init ] --START--
INFO: Run Behavior\BuildLiteBehavior [ RunTime:0.000000s ]
INFO: [ app_init ] --END-- [ RunTime:0.001000s ]
INFO: [ app_begin ] --START--
INFO: Run Behavior\ReadHtmlCacheBehavior [ RunTime:0.000000s ]
INFO: [ app_begin ] --END-- [ RunTime:0.002000s ]
DEBUG: [ Jiechengkeji ] [ 12:50:52 ] [ initializing ]BaseController
DEBUG: [ Jiechengkeji ] [ 12:50:52 ] [ initialized ]BaseController
DEBUG: [ Jiechengkeji ] [ 12:50:52 ] [ execute ]login()
DEBUG: [ Jiechengkeji ] [ 12:50:52 ] [ name ]orcknight
DEBUG: [ Jiechengkeji ] [ 12:50:52 ] [ pass ]aq123456
SQL: SELECT password FROM user WHERE name = 'orcknight' [ RunTime:0.0260s ]

[ 2017-03-04T13:06:20+08:00 ] 127.0.0.1 /index.php/Home/User/login?callback=jQuery21408288116795620508_1488603979299&id=orcknight&pass=aq123456&_=1488603979300
INFO: [ app_init ] --START--
INFO: Run Behavior\BuildLiteBehavior [ RunTime:0.000000s ]
INFO: [ app_init ] --END-- [ RunTime:0.001000s ]
INFO: [ app_begin ] --START--
INFO: Run Behavior\ReadHtmlCacheBehavior [ RunTime:0.000000s ]
INFO: [ app_begin ] --END-- [ RunTime:0.000000s ]
DEBUG: [ Jiechengkeji ] [ 13:06:19 ] [ initializing ]BaseController
DEBUG: [ Jiechengkeji ] [ 13:06:19 ] [ initialized ]BaseController
DEBUG: [ Jiechengkeji ] [ 13:06:19 ] [ execute ]login()
DEBUG: [ Jiechengkeji ] [ 13:06:19 ] [ name ]orcknight
DEBUG: [ Jiechengkeji ] [ 13:06:19 ] [ pass ]aq123456
SQL: SELECT password FROM user WHERE name = 'orcknight' [ RunTime:0.0230s ]

[ 2017-03-04T15:07:55+08:00 ] 127.0.0.1 /index.php/Home/User/login?callback=jQuery21406801676617139103_1488611271954&id=orcknight&pass=aq123456&_=1488611271955
INFO: [ app_init ] --START--
INFO: Run Behavior\BuildLiteBehavior [ RunTime:0.000000s ]
INFO: [ app_init ] --END-- [ RunTime:0.001000s ]
INFO: [ app_begin ] --START--
INFO: Run Behavior\ReadHtmlCacheBehavior [ RunTime:0.001000s ]
INFO: [ app_begin ] --END-- [ RunTime:0.002001s ]
DEBUG: [ Jiechengkeji ] [ 15:07:55 ] [ initializing ]BaseController
DEBUG: [ Jiechengkeji ] [ 15:07:55 ] [ initialized ]BaseController
DEBUG: [ Jiechengkeji ] [ 15:07:55 ] [ execute ]login()
DEBUG: [ Jiechengkeji ] [ 15:07:55 ] [ name ]orcknight
DEBUG: [ Jiechengkeji ] [ 15:07:55 ] [ pass ]aq123456
SQL: SELECT password FROM user WHERE name = 'orcknight' [ RunTime:0.0240s ]

