[ 2017-03-02T18:53:20+08:00 ] 127.0.0.1 /index.php/Home/User/login?callback=jQuery21405080903305267361_1488451999145&id=orcknight&pass=aq123456&_=1488451999146
INFO: [ app_init ] --START--
INFO: Run Behavior\BuildLiteBehavior [ RunTime:0.000000s ]
INFO: [ app_init ] --END-- [ RunTime:0.001000s ]
INFO: [ app_begin ] --START--
INFO: Run Behavior\ReadHtmlCacheBehavior [ RunTime:0.001000s ]
INFO: [ app_begin ] --END-- [ RunTime:0.001000s ]
DEBUG: [ Jiechengkeji ] [ 18:53:20 ] [ initializing ]BaseController
DEBUG: [ Jiechengkeji ] [ 18:53:20 ] [ initialized ]BaseController
DEBUG: [ Jiechengkeji ] [ 18:53:20 ] [ execute ]login()
DEBUG: [ Jiechengkeji ] [ 18:53:20 ] [ name ]orcknight
DEBUG: [ Jiechengkeji ] [ 18:53:20 ] [ pass ]aq123456
SQL: SELECT password FROM user WHERE name = 'orcknight' [ RunTime:0.0330s ]

[ 2017-03-02T19:00:55+08:00 ] 127.0.0.1 /index.php/Home/User/login?callback=jQuery21406502257825599358_1488452454652&id=orcknight&pass=aq123456&_=1488452454653
INFO: [ app_init ] --START--
INFO: Run Behavior\BuildLiteBehavior [ RunTime:0.000000s ]
INFO: [ app_init ] --END-- [ RunTime:0.001000s ]
INFO: [ app_begin ] --START--
INFO: Run Behavior\ReadHtmlCacheBehavior [ RunTime:0.001000s ]
INFO: [ app_begin ] --END-- [ RunTime:0.001000s ]
DEBUG: [ Jiechengkeji ] [ 19:00:54 ] [ initializing ]BaseController
DEBUG: [ Jiechengkeji ] [ 19:00:54 ] [ initialized ]BaseController
DEBUG: [ Jiechengkeji ] [ 19:00:54 ] [ execute ]login()
DEBUG: [ Jiechengkeji ] [ 19:00:54 ] [ name ]orcknight
DEBUG: [ Jiechengkeji ] [ 19:00:54 ] [ pass ]aq123456
SQL: SELECT password FROM user WHERE name = 'orcknight' [ RunTime:0.0300s ]

[ 2017-03-02T19:01:26+08:00 ] 127.0.0.1 /index.php/Home/User/login?callback=jQuery214018762484016102898_1488452486167&id=orcknight&pass=aq123456&_=1488452486168
INFO: [ app_init ] --START--
INFO: Run Behavior\BuildLiteBehavior [ RunTime:0.000000s ]
INFO: [ app_init ] --END-- [ RunTime:0.001000s ]
INFO: [ app_begin ] --START--
INFO: Run Behavior\ReadHtmlCacheBehavior [ RunTime:0.001000s ]
INFO: [ app_begin ] --END-- [ RunTime:0.001000s ]
DEBUG: [ Jiechengkeji ] [ 19:01:26 ] [ initializing ]BaseController
DEBUG: [ Jiechengkeji ] [ 19:01:26 ] [ initialized ]BaseController
DEBUG: [ Jiechengkeji ] [ 19:01:26 ] [ execute ]login()
DEBUG: [ Jiechengkeji ] [ 19:01:26 ] [ name ]orcknight
DEBUG: [ Jiechengkeji ] [ 19:01:26 ] [ pass ]aq123456
SQL: SELECT password FROM user WHERE name = 'orcknight' [ RunTime:0.0300s ]

[ 2017-03-02T19:01:37+08:00 ] 127.0.0.1 /index.php/Home/User/login?callback=jQuery21407842214325141261_1488452497205&id=orcknight&pass=aq123456&_=1488452497206
INFO: [ app_init ] --START--
INFO: Run Behavior\BuildLiteBehavior [ RunTime:0.000000s ]
INFO: [ app_init ] --END-- [ RunTime:0.001000s ]
INFO: [ app_begin ] --START--
INFO: Run Behavior\ReadHtmlCacheBehavior [ RunTime:0.001000s ]
INFO: [ app_begin ] --END-- [ RunTime:0.001000s ]
DEBUG: [ Jiechengkeji ] [ 19:01:37 ] [ initializing ]BaseController
DEBUG: [ Jiechengkeji ] [ 19:01:37 ] [ initialized ]BaseController
DEBUG: [ Jiechengkeji ] [ 19:01:37 ] [ execute ]login()
DEBUG: [ Jiechengkeji ] [ 19:01:37 ] [ name ]orcknight
DEBUG: [ Jiechengkeji ] [ 19:01:37 ] [ pass ]aq123456
SQL: SELECT password FROM user WHERE name = 'orcknight' [ RunTime:0.0340s ]

[ 2017-03-02T19:07:14+08:00 ] 127.0.0.1 /index.php/Home/User/login?callback=jQuery21409971021759873837_1488452833479&id=orcknight&pass=aq123456&_=1488452833480
INFO: [ app_init ] --START--
INFO: Run Behavior\BuildLiteBehavior [ RunTime:0.000000s ]
INFO: [ app_init ] --END-- [ RunTime:0.001000s ]
INFO: [ app_begin ] --START--
INFO: Run Behavior\ReadHtmlCacheBehavior [ RunTime:0.001000s ]
INFO: [ app_begin ] --END-- [ RunTime:0.001000s ]
DEBUG: [ Jiechengkeji ] [ 19:07:14 ] [ initializing ]BaseController
DEBUG: [ Jiechengkeji ] [ 19:07:14 ] [ initialized ]BaseController
DEBUG: [ Jiechengkeji ] [ 19:07:14 ] [ execute ]login()
DEBUG: [ Jiechengkeji ] [ 19:07:14 ] [ name ]orcknight
DEBUG: [ Jiechengkeji ] [ 19:07:14 ] [ pass ]aq123456
SQL: SELECT password FROM user WHERE name = 'orcknight' [ RunTime:0.0300s ]

[ 2017-03-02T19:32:34+08:00 ] 127.0.0.1 /index.php/Home/User/login?callback=jQuery21409260601695770097_1488454353721&id=orcknight&pass=aq123456&_=1488454353722
INFO: [ app_init ] --START--
INFO: Run Behavior\BuildLiteBehavior [ RunTime:0.000000s ]
INFO: [ app_init ] --END-- [ RunTime:0.000000s ]
INFO: [ app_begin ] --START--
INFO: Run Behavior\ReadHtmlCacheBehavior [ RunTime:0.001000s ]
INFO: [ app_begin ] --END-- [ RunTime:0.001000s ]
DEBUG: [ Jiechengkeji ] [ 19:32:34 ] [ initializing ]BaseController
DEBUG: [ Jiechengkeji ] [ 19:32:34 ] [ initialized ]BaseController
DEBUG: [ Jiechengkeji ] [ 19:32:34 ] [ execute ]login()
DEBUG: [ Jiechengkeji ] [ 19:32:34 ] [ name ]orcknight
DEBUG: [ Jiechengkeji ] [ 19:32:34 ] [ pass ]aq123456
SQL: SELECT password FROM user WHERE name = 'orcknight' [ RunTime:0.0310s ]

[ 2017-03-02T19:33:16+08:00 ] 127.0.0.1 /index.php/Home/User/login?callback=jQuery214005891803901466641_1488454396312&id=orcknight&pass=aq123456&_=1488454396313
INFO: [ app_init ] --START--
INFO: Run Behavior\BuildLiteBehavior [ RunTime:0.000000s ]
INFO: [ app_init ] --END-- [ RunTime:0.001000s ]
INFO: [ app_begin ] --START--
INFO: Run Behavior\ReadHtmlCacheBehavior [ RunTime:0.001000s ]
INFO: [ app_begin ] --END-- [ RunTime:0.001000s ]
DEBUG: [ Jiechengkeji ] [ 19:33:16 ] [ initializing ]BaseController
DEBUG: [ Jiechengkeji ] [ 19:33:16 ] [ initialized ]BaseController
DEBUG: [ Jiechengkeji ] [ 19:33:16 ] [ execute ]login()
DEBUG: [ Jiechengkeji ] [ 19:33:16 ] [ name ]orcknight
DEBUG: [ Jiechengkeji ] [ 19:33:16 ] [ pass ]aq123456
SQL: SELECT password FROM user WHERE name = 'orcknight' [ RunTime:0.0270s ]

[ 2017-03-02T19:33:36+08:00 ] 127.0.0.1 /index.php/Home/User/login?callback=jQuery214014600014338155987_1488454416007&id=orcknight&pass=aq123456&_=1488454416008
INFO: [ app_init ] --START--
INFO: Run Behavior\BuildLiteBehavior [ RunTime:0.000000s ]
INFO: [ app_init ] --END-- [ RunTime:0.000000s ]
INFO: [ app_begin ] --START--
INFO: Run Behavior\ReadHtmlCacheBehavior [ RunTime:0.001000s ]
INFO: [ app_begin ] --END-- [ RunTime:0.001000s ]
DEBUG: [ Jiechengkeji ] [ 19:33:36 ] [ initializing ]BaseController
DEBUG: [ Jiechengkeji ] [ 19:33:36 ] [ initialized ]BaseController
DEBUG: [ Jiechengkeji ] [ 19:33:36 ] [ execute ]login()
DEBUG: [ Jiechengkeji ] [ 19:33:36 ] [ name ]orcknight
DEBUG: [ Jiechengkeji ] [ 19:33:36 ] [ pass ]aq123456
SQL: SELECT password FROM user WHERE name = 'orcknight' [ RunTime:0.0270s ]

[ 2017-03-02T19:35:00+08:00 ] 127.0.0.1 /index.php/Home/User/login?callback=jQuery21409747509973642661_1488454499261&id=orcknight&pass=aq123456&_=1488454499262
INFO: [ app_init ] --START--
INFO: Run Behavior\BuildLiteBehavior [ RunTime:0.000000s ]
INFO: [ app_init ] --END-- [ RunTime:0.001000s ]
INFO: [ app_begin ] --START--
INFO: Run Behavior\ReadHtmlCacheBehavior [ RunTime:0.000000s ]
INFO: [ app_begin ] --END-- [ RunTime:0.001000s ]
DEBUG: [ Jiechengkeji ] [ 19:34:59 ] [ initializing ]BaseController
DEBUG: [ Jiechengkeji ] [ 19:34:59 ] [ initialized ]BaseController
DEBUG: [ Jiechengkeji ] [ 19:34:59 ] [ execute ]login()
DEBUG: [ Jiechengkeji ] [ 19:34:59 ] [ name ]orcknight
DEBUG: [ Jiechengkeji ] [ 19:34:59 ] [ pass ]aq123456
SQL: SELECT password FROM user WHERE name = 'orcknight' [ RunTime:0.0290s ]

[ 2017-03-02T19:37:06+08:00 ] 127.0.0.1 /index.php/Home/User/login?callback=jQuery2140908233731142758_1488454626156&id=orcknight&pass=aq123456&_=1488454626157
INFO: [ app_init ] --START--
INFO: Run Behavior\BuildLiteBehavior [ RunTime:0.000000s ]
INFO: [ app_init ] --END-- [ RunTime:0.001000s ]
INFO: [ app_begin ] --START--
INFO: Run Behavior\ReadHtmlCacheBehavior [ RunTime:0.000000s ]
INFO: [ app_begin ] --END-- [ RunTime:0.001000s ]
DEBUG: [ Jiechengkeji ] [ 19:37:06 ] [ initializing ]BaseController
DEBUG: [ Jiechengkeji ] [ 19:37:06 ] [ initialized ]BaseController
DEBUG: [ Jiechengkeji ] [ 19:37:06 ] [ execute ]login()
DEBUG: [ Jiechengkeji ] [ 19:37:06 ] [ name ]orcknight
DEBUG: [ Jiechengkeji ] [ 19:37:06 ] [ pass ]aq123456
SQL: SELECT password FROM user WHERE name = 'orcknight' [ RunTime:0.0290s ]

[ 2017-03-02T19:38:28+08:00 ] 127.0.0.1 /index.php/Home/User/login?callback=jQuery21405374212088900006_1488454707932&id=orcknight&pass=aq123456&_=1488454707933
INFO: [ app_init ] --START--
INFO: Run Behavior\BuildLiteBehavior [ RunTime:0.000000s ]
INFO: [ app_init ] --END-- [ RunTime:0.001001s ]
INFO: [ app_begin ] --START--
INFO: Run Behavior\ReadHtmlCacheBehavior [ RunTime:0.001000s ]
INFO: [ app_begin ] --END-- [ RunTime:0.001000s ]
DEBUG: [ Jiechengkeji ] [ 19:38:28 ] [ initializing ]BaseController
DEBUG: [ Jiechengkeji ] [ 19:38:28 ] [ initialized ]BaseController
DEBUG: [ Jiechengkeji ] [ 19:38:28 ] [ execute ]login()
DEBUG: [ Jiechengkeji ] [ 19:38:28 ] [ name ]orcknight
DEBUG: [ Jiechengkeji ] [ 19:38:28 ] [ pass ]aq123456
SQL: SELECT password FROM user WHERE name = 'orcknight' [ RunTime:0.0250s ]

[ 2017-03-02T20:19:26+08:00 ] 127.0.0.1 /index.php/Home/User/login?callback=jQuery21404512268587499333_1488457166237&id=orcknight&pass=aq123456&_=1488457166238
INFO: [ app_init ] --START--
INFO: Run Behavior\BuildLiteBehavior [ RunTime:0.000000s ]
INFO: [ app_init ] --END-- [ RunTime:0.001000s ]
INFO: [ app_begin ] --START--
INFO: Run Behavior\ReadHtmlCacheBehavior [ RunTime:0.001000s ]
INFO: [ app_begin ] --END-- [ RunTime:0.001000s ]
DEBUG: [ Jiechengkeji ] [ 20:19:26 ] [ initializing ]BaseController
DEBUG: [ Jiechengkeji ] [ 20:19:26 ] [ initialized ]BaseController
DEBUG: [ Jiechengkeji ] [ 20:19:26 ] [ execute ]login()
DEBUG: [ Jiechengkeji ] [ 20:19:26 ] [ name ]orcknight
DEBUG: [ Jiechengkeji ] [ 20:19:26 ] [ pass ]aq123456
SQL: SELECT password FROM user WHERE name = 'orcknight' [ RunTime:0.0240s ]

