[ 2017-02-20T10:14:01+08:00 ] 127.0.0.1 /index.php/Home/User/login?callback=jQuery214052974521219411_1487556840224&id=orcknight&pass=aq123456&_=1487556840225
INFO: [ app_init ] --START--
INFO: Run Behavior\BuildLiteBehavior [ RunTime:0.000000s ]
INFO: [ app_init ] --END-- [ RunTime:0.000000s ]
INFO: [ app_begin ] --START--
INFO: Run Behavior\ReadHtmlCacheBehavior [ RunTime:0.001000s ]
INFO: [ app_begin ] --END-- [ RunTime:0.001000s ]
DEBUG: [ Jiechengkeji ] [ 10:14:01 ] [ initializing ]BaseController
DEBUG: [ Jiechengkeji ] [ 10:14:01 ] [ initialized ]BaseController
DEBUG: [ Jiechengkeji ] [ 10:14:01 ] [ execute ]login()
DEBUG: [ Jiechengkeji ] [ 10:14:01 ] [ name ]orcknight
DEBUG: [ Jiechengkeji ] [ 10:14:01 ] [ pass ]aq123456
SQL: SELECT password FROM user WHERE name = 'orcknight' [ RunTime:0.0130s ]

[ 2017-02-20T10:14:03+08:00 ] 127.0.0.1 /index.php/Home/User/login?callback=jQuery21409410421119976962_1487556842865&id=orcknight&pass=aq123456&_=1487556842866
INFO: [ app_init ] --START--
INFO: Run Behavior\BuildLiteBehavior [ RunTime:0.000000s ]
INFO: [ app_init ] --END-- [ RunTime:0.000000s ]
INFO: [ app_begin ] --START--
INFO: Run Behavior\ReadHtmlCacheBehavior [ RunTime:0.000000s ]
INFO: [ app_begin ] --END-- [ RunTime:0.000000s ]
DEBUG: [ Jiechengkeji ] [ 10:14:03 ] [ initializing ]BaseController
DEBUG: [ Jiechengkeji ] [ 10:14:03 ] [ initialized ]BaseController
DEBUG: [ Jiechengkeji ] [ 10:14:03 ] [ execute ]login()
DEBUG: [ Jiechengkeji ] [ 10:14:03 ] [ name ]orcknight
DEBUG: [ Jiechengkeji ] [ 10:14:03 ] [ pass ]aq123456
SQL: SELECT password FROM user WHERE name = 'orcknight' [ RunTime:0.0000s ]

[ 2017-02-20T10:16:05+08:00 ] 127.0.0.1 /index.php/Home/User/login?callback=jQuery214002021398536516683_1487556964883&id=orcknight&pass=aq123456&_=1487556964884
INFO: [ app_init ] --START--
INFO: Run Behavior\BuildLiteBehavior [ RunTime:0.000000s ]
INFO: [ app_init ] --END-- [ RunTime:0.000000s ]
INFO: [ app_begin ] --START--
INFO: Run Behavior\ReadHtmlCacheBehavior [ RunTime:0.000000s ]
INFO: [ app_begin ] --END-- [ RunTime:0.000000s ]
DEBUG: [ Jiechengkeji ] [ 10:16:05 ] [ initializing ]BaseController
DEBUG: [ Jiechengkeji ] [ 10:16:05 ] [ initialized ]BaseController
DEBUG: [ Jiechengkeji ] [ 10:16:05 ] [ execute ]login()
DEBUG: [ Jiechengkeji ] [ 10:16:05 ] [ name ]orcknight
DEBUG: [ Jiechengkeji ] [ 10:16:05 ] [ pass ]aq123456
SQL: SELECT password FROM user WHERE name = 'orcknight' [ RunTime:0.0000s ]

[ 2017-02-20T10:24:28+08:00 ] 127.0.0.1 /index.php/Home/User/login?callback=jQuery214030327257551989684_1487557468427&id=orcknight&pass=aq123456&_=1487557468428
INFO: [ app_init ] --START--
INFO: Run Behavior\BuildLiteBehavior [ RunTime:0.000000s ]
INFO: [ app_init ] --END-- [ RunTime:0.000000s ]
INFO: [ app_begin ] --START--
INFO: Run Behavior\ReadHtmlCacheBehavior [ RunTime:0.001000s ]
INFO: [ app_begin ] --END-- [ RunTime:0.001000s ]
DEBUG: [ Jiechengkeji ] [ 10:24:28 ] [ initializing ]BaseController
DEBUG: [ Jiechengkeji ] [ 10:24:28 ] [ initialized ]BaseController
DEBUG: [ Jiechengkeji ] [ 10:24:28 ] [ execute ]login()
DEBUG: [ Jiechengkeji ] [ 10:24:28 ] [ name ]orcknight
DEBUG: [ Jiechengkeji ] [ 10:24:28 ] [ pass ]aq123456
SQL: SELECT password FROM user WHERE name = 'orcknight' [ RunTime:0.0010s ]

[ 2017-02-20T10:49:05+08:00 ] 127.0.0.1 /index.php/Home/User/login?callback=jQuery21407911768478961385_1487558945042&id=orcknight&pass=aq123456&_=1487558945043
INFO: [ app_init ] --START--
INFO: Run Behavior\BuildLiteBehavior [ RunTime:0.000000s ]
INFO: [ app_init ] --END-- [ RunTime:0.001000s ]
INFO: [ app_begin ] --START--
INFO: Run Behavior\ReadHtmlCacheBehavior [ RunTime:0.001000s ]
INFO: [ app_begin ] --END-- [ RunTime:0.001000s ]
DEBUG: [ Jiechengkeji ] [ 10:49:05 ] [ initializing ]BaseController
DEBUG: [ Jiechengkeji ] [ 10:49:05 ] [ initialized ]BaseController
DEBUG: [ Jiechengkeji ] [ 10:49:05 ] [ execute ]login()
DEBUG: [ Jiechengkeji ] [ 10:49:05 ] [ name ]orcknight
DEBUG: [ Jiechengkeji ] [ 10:49:05 ] [ pass ]aq123456
SQL: SELECT password FROM user WHERE name = 'orcknight' [ RunTime:0.0000s ]

[ 2017-02-20T10:53:53+08:00 ] 127.0.0.1 /index.php/Home/User/login?callback=jQuery214012620767863141658_1487559231570&id=orcknight&pass=aq123456&_=1487559231571
INFO: [ app_init ] --START--
INFO: Run Behavior\BuildLiteBehavior [ RunTime:0.000000s ]
INFO: [ app_init ] --END-- [ RunTime:0.001001s ]
INFO: [ app_begin ] --START--
INFO: Run Behavior\ReadHtmlCacheBehavior [ RunTime:0.000000s ]
INFO: [ app_begin ] --END-- [ RunTime:0.000000s ]
DEBUG: [ Jiechengkeji ] [ 10:53:53 ] [ initializing ]BaseController
DEBUG: [ Jiechengkeji ] [ 10:53:53 ] [ initialized ]BaseController
DEBUG: [ Jiechengkeji ] [ 10:53:53 ] [ execute ]login()
DEBUG: [ Jiechengkeji ] [ 10:53:53 ] [ name ]orcknight
DEBUG: [ Jiechengkeji ] [ 10:53:53 ] [ pass ]aq123456
SQL: SELECT password FROM user WHERE name = 'orcknight' [ RunTime:0.0000s ]

[ 2017-02-20T11:14:09+08:00 ] 127.0.0.1 /index.php/Home/User/login?callback=jQuery2140779858622488085_1487560449585&id=orcknight&pass=aq123456&_=1487560449586
INFO: [ app_init ] --START--
INFO: Run Behavior\BuildLiteBehavior [ RunTime:0.000000s ]
INFO: [ app_init ] --END-- [ RunTime:0.000000s ]
INFO: [ app_begin ] --START--
INFO: Run Behavior\ReadHtmlCacheBehavior [ RunTime:0.001000s ]
INFO: [ app_begin ] --END-- [ RunTime:0.001000s ]
DEBUG: [ Jiechengkeji ] [ 11:14:09 ] [ initializing ]BaseController
DEBUG: [ Jiechengkeji ] [ 11:14:09 ] [ initialized ]BaseController
DEBUG: [ Jiechengkeji ] [ 11:14:09 ] [ execute ]login()
DEBUG: [ Jiechengkeji ] [ 11:14:09 ] [ name ]orcknight
DEBUG: [ Jiechengkeji ] [ 11:14:09 ] [ pass ]aq123456
SQL: SELECT password FROM user WHERE name = 'orcknight' [ RunTime:0.0000s ]

[ 2017-02-20T11:14:51+08:00 ] 127.0.0.1 /index.php/Home/User/login?callback=jQuery214046266459080285105_1487560490936&id=orcknight&pass=aq123456&_=1487560490937
INFO: [ app_init ] --START--
INFO: Run Behavior\BuildLiteBehavior [ RunTime:0.000000s ]
INFO: [ app_init ] --END-- [ RunTime:0.000000s ]
INFO: [ app_begin ] --START--
INFO: Run Behavior\ReadHtmlCacheBehavior [ RunTime:0.000000s ]
INFO: [ app_begin ] --END-- [ RunTime:0.000000s ]
DEBUG: [ Jiechengkeji ] [ 11:14:51 ] [ initializing ]BaseController
DEBUG: [ Jiechengkeji ] [ 11:14:51 ] [ initialized ]BaseController
DEBUG: [ Jiechengkeji ] [ 11:14:51 ] [ execute ]login()
DEBUG: [ Jiechengkeji ] [ 11:14:51 ] [ name ]orcknight
DEBUG: [ Jiechengkeji ] [ 11:14:51 ] [ pass ]aq123456
SQL: SELECT password FROM user WHERE name = 'orcknight' [ RunTime:0.0000s ]

[ 2017-02-20T11:15:35+08:00 ] 127.0.0.1 /index.php/Home/User/login?callback=jQuery21409851594251931759_1487560535543&id=orcknight&pass=aq123456&_=1487560535544
INFO: [ app_init ] --START--
INFO: Run Behavior\BuildLiteBehavior [ RunTime:0.000000s ]
INFO: [ app_init ] --END-- [ RunTime:0.000000s ]
INFO: [ app_begin ] --START--
INFO: Run Behavior\ReadHtmlCacheBehavior [ RunTime:0.001000s ]
INFO: [ app_begin ] --END-- [ RunTime:0.001000s ]
DEBUG: [ Jiechengkeji ] [ 11:15:35 ] [ initializing ]BaseController
DEBUG: [ Jiechengkeji ] [ 11:15:35 ] [ initialized ]BaseController
DEBUG: [ Jiechengkeji ] [ 11:15:35 ] [ execute ]login()
DEBUG: [ Jiechengkeji ] [ 11:15:35 ] [ name ]orcknight
DEBUG: [ Jiechengkeji ] [ 11:15:35 ] [ pass ]aq123456
SQL: SELECT password FROM user WHERE name = 'orcknight' [ RunTime:0.0000s ]

[ 2017-02-20T11:17:56+08:00 ] 127.0.0.1 /index.php/Home/User/login?callback=jQuery21408743003067958006_1487560675249&id=orcknight&pass=aq123456&_=1487560675250
INFO: [ app_init ] --START--
INFO: Run Behavior\BuildLiteBehavior [ RunTime:0.000000s ]
INFO: [ app_init ] --END-- [ RunTime:0.001000s ]
INFO: [ app_begin ] --START--
INFO: Run Behavior\ReadHtmlCacheBehavior [ RunTime:0.001000s ]
INFO: [ app_begin ] --END-- [ RunTime:0.001000s ]
DEBUG: [ Jiechengkeji ] [ 11:17:56 ] [ initializing ]BaseController
DEBUG: [ Jiechengkeji ] [ 11:17:56 ] [ initialized ]BaseController
DEBUG: [ Jiechengkeji ] [ 11:17:56 ] [ execute ]login()
DEBUG: [ Jiechengkeji ] [ 11:17:56 ] [ name ]orcknight
DEBUG: [ Jiechengkeji ] [ 11:17:56 ] [ pass ]aq123456
SQL: SELECT password FROM user WHERE name = 'orcknight' [ RunTime:0.0000s ]

[ 2017-02-20T12:39:22+08:00 ] 127.0.0.1 /index.php/Home/User/login?callback=jQuery21406738719796397603_1487565560467&id=orcknight&pass=aq123456&_=1487565560468
INFO: [ app_init ] --START--
INFO: Run Behavior\BuildLiteBehavior [ RunTime:0.000000s ]
INFO: [ app_init ] --END-- [ RunTime:0.001000s ]
INFO: [ app_begin ] --START--
INFO: Run Behavior\ReadHtmlCacheBehavior [ RunTime:0.001000s ]
INFO: [ app_begin ] --END-- [ RunTime:0.001000s ]
DEBUG: [ Jiechengkeji ] [ 12:39:22 ] [ initializing ]BaseController
DEBUG: [ Jiechengkeji ] [ 12:39:22 ] [ initialized ]BaseController
DEBUG: [ Jiechengkeji ] [ 12:39:22 ] [ execute ]login()
DEBUG: [ Jiechengkeji ] [ 12:39:22 ] [ name ]orcknight
DEBUG: [ Jiechengkeji ] [ 12:39:22 ] [ pass ]aq123456
SQL: SELECT password FROM user WHERE name = 'orcknight' [ RunTime:0.0000s ]

[ 2017-02-20T14:35:31+08:00 ] 127.0.0.1 /index.php/Home/User/login?callback=jQuery2140931282285852286_1487572531331&id=orcknight&pass=aq123456&_=1487572531332
INFO: [ app_init ] --START--
INFO: Run Behavior\BuildLiteBehavior [ RunTime:0.000000s ]
INFO: [ app_init ] --END-- [ RunTime:0.000000s ]
INFO: [ app_begin ] --START--
INFO: Run Behavior\ReadHtmlCacheBehavior [ RunTime:0.001000s ]
INFO: [ app_begin ] --END-- [ RunTime:0.001000s ]
DEBUG: [ Jiechengkeji ] [ 14:35:31 ] [ initializing ]BaseController
DEBUG: [ Jiechengkeji ] [ 14:35:31 ] [ initialized ]BaseController
DEBUG: [ Jiechengkeji ] [ 14:35:31 ] [ execute ]login()
DEBUG: [ Jiechengkeji ] [ 14:35:31 ] [ name ]orcknight
DEBUG: [ Jiechengkeji ] [ 14:35:31 ] [ pass ]aq123456
SQL: SELECT password FROM user WHERE name = 'orcknight' [ RunTime:0.0000s ]

[ 2017-02-20T14:35:38+08:00 ] 127.0.0.1 /index.php/Home/User/login?callback=jQuery21407733142230213863_1487572538039&id=orcknight&pass=aq123456&_=1487572538040
INFO: [ app_init ] --START--
INFO: Run Behavior\BuildLiteBehavior [ RunTime:0.000000s ]
INFO: [ app_init ] --END-- [ RunTime:0.000000s ]
INFO: [ app_begin ] --START--
INFO: Run Behavior\ReadHtmlCacheBehavior [ RunTime:0.000000s ]
INFO: [ app_begin ] --END-- [ RunTime:0.000000s ]
DEBUG: [ Jiechengkeji ] [ 14:35:38 ] [ initializing ]BaseController
DEBUG: [ Jiechengkeji ] [ 14:35:38 ] [ initialized ]BaseController
DEBUG: [ Jiechengkeji ] [ 14:35:38 ] [ execute ]login()
DEBUG: [ Jiechengkeji ] [ 14:35:38 ] [ name ]orcknight
DEBUG: [ Jiechengkeji ] [ 14:35:38 ] [ pass ]aq123456
SQL: SELECT password FROM user WHERE name = 'orcknight' [ RunTime:0.0000s ]

[ 2017-02-20T14:35:46+08:00 ] 127.0.0.1 /index.php/Home/User/login?callback=jQuery2140026800945917449193_1487572546717&id=orcknight&pass=aq123456&_=1487572546718
INFO: [ app_init ] --START--
INFO: Run Behavior\BuildLiteBehavior [ RunTime:0.000000s ]
INFO: [ app_init ] --END-- [ RunTime:0.001000s ]
INFO: [ app_begin ] --START--
INFO: Run Behavior\ReadHtmlCacheBehavior [ RunTime:0.000000s ]
INFO: [ app_begin ] --END-- [ RunTime:0.000000s ]
DEBUG: [ Jiechengkeji ] [ 14:35:46 ] [ initializing ]BaseController
DEBUG: [ Jiechengkeji ] [ 14:35:46 ] [ initialized ]BaseController
DEBUG: [ Jiechengkeji ] [ 14:35:46 ] [ execute ]login()
DEBUG: [ Jiechengkeji ] [ 14:35:46 ] [ name ]orcknight
DEBUG: [ Jiechengkeji ] [ 14:35:46 ] [ pass ]aq123456
SQL: SELECT password FROM user WHERE name = 'orcknight' [ RunTime:0.0000s ]

[ 2017-02-20T14:36:16+08:00 ] 127.0.0.1 /index.php/Home/User/login?callback=jQuery214010698970229546623_1487572576582&id=orcknight&pass=aq123456&_=1487572576583
INFO: [ app_init ] --START--
INFO: Run Behavior\BuildLiteBehavior [ RunTime:0.000000s ]
INFO: [ app_init ] --END-- [ RunTime:0.000000s ]
INFO: [ app_begin ] --START--
INFO: Run Behavior\ReadHtmlCacheBehavior [ RunTime:0.001000s ]
INFO: [ app_begin ] --END-- [ RunTime:0.001000s ]
DEBUG: [ Jiechengkeji ] [ 14:36:16 ] [ initializing ]BaseController
DEBUG: [ Jiechengkeji ] [ 14:36:16 ] [ initialized ]BaseController
DEBUG: [ Jiechengkeji ] [ 14:36:16 ] [ execute ]login()
DEBUG: [ Jiechengkeji ] [ 14:36:16 ] [ name ]orcknight
DEBUG: [ Jiechengkeji ] [ 14:36:16 ] [ pass ]aq123456
SQL: SELECT password FROM user WHERE name = 'orcknight' [ RunTime:0.0000s ]

[ 2017-02-20T14:36:39+08:00 ] 127.0.0.1 /index.php/Home/User/login?callback=jQuery21402527237647238607_1487572599156&id=orcknight&pass=aq123456&_=1487572599157
INFO: [ app_init ] --START--
INFO: Run Behavior\BuildLiteBehavior [ RunTime:0.000000s ]
INFO: [ app_init ] --END-- [ RunTime:0.000000s ]
INFO: [ app_begin ] --START--
INFO: Run Behavior\ReadHtmlCacheBehavior [ RunTime:0.001000s ]
INFO: [ app_begin ] --END-- [ RunTime:0.001000s ]
DEBUG: [ Jiechengkeji ] [ 14:36:39 ] [ initializing ]BaseController
DEBUG: [ Jiechengkeji ] [ 14:36:39 ] [ initialized ]BaseController
DEBUG: [ Jiechengkeji ] [ 14:36:39 ] [ execute ]login()
DEBUG: [ Jiechengkeji ] [ 14:36:39 ] [ name ]orcknight
DEBUG: [ Jiechengkeji ] [ 14:36:39 ] [ pass ]aq123456
SQL: SELECT password FROM user WHERE name = 'orcknight' [ RunTime:0.0000s ]

[ 2017-02-20T14:38:37+08:00 ] 127.0.0.1 /index.php/Home/User/login?callback=jQuery21409366633980186434_1487572717461&id=orcknight&pass=aq123456&_=1487572717462
INFO: [ app_init ] --START--
INFO: Run Behavior\BuildLiteBehavior [ RunTime:0.000000s ]
INFO: [ app_init ] --END-- [ RunTime:0.002000s ]
INFO: [ app_begin ] --START--
INFO: Run Behavior\ReadHtmlCacheBehavior [ RunTime:0.001000s ]
INFO: [ app_begin ] --END-- [ RunTime:0.001000s ]
DEBUG: [ Jiechengkeji ] [ 14:38:37 ] [ initializing ]BaseController
DEBUG: [ Jiechengkeji ] [ 14:38:37 ] [ initialized ]BaseController
DEBUG: [ Jiechengkeji ] [ 14:38:37 ] [ execute ]login()
DEBUG: [ Jiechengkeji ] [ 14:38:37 ] [ name ]orcknight
DEBUG: [ Jiechengkeji ] [ 14:38:37 ] [ pass ]aq123456
SQL: SELECT password FROM user WHERE name = 'orcknight' [ RunTime:0.0000s ]

[ 2017-02-20T21:09:18+08:00 ] 127.0.0.1 /index.php/Home/User/login?callback=jQuery21405199506484589651_1487596117624&id=orcknight&pass=aq123456&_=1487596117625
INFO: [ app_init ] --START--
INFO: Run Behavior\BuildLiteBehavior [ RunTime:0.000000s ]
INFO: [ app_init ] --END-- [ RunTime:0.000000s ]
INFO: [ app_begin ] --START--
INFO: Run Behavior\ReadHtmlCacheBehavior [ RunTime:0.001000s ]
INFO: [ app_begin ] --END-- [ RunTime:0.001000s ]
DEBUG: [ Jiechengkeji ] [ 21:09:18 ] [ initializing ]BaseController
DEBUG: [ Jiechengkeji ] [ 21:09:18 ] [ initialized ]BaseController
DEBUG: [ Jiechengkeji ] [ 21:09:18 ] [ execute ]login()
DEBUG: [ Jiechengkeji ] [ 21:09:18 ] [ name ]orcknight
DEBUG: [ Jiechengkeji ] [ 21:09:18 ] [ pass ]aq123456
SQL: SELECT password FROM user WHERE name = 'orcknight' [ RunTime:0.0010s ]

