[ 2017-08-30T15:23:48+08:00 ] 127.0.0.1 /index.php/Home/User/login?callback=jQuery21408658685972317459_1504077669071&id=orcknight&pass=aq123456&_=1504077669072
INFO: [ app_init ] --START--
INFO: Run Behavior\BuildLiteBehavior [ RunTime:0.000000s ]
INFO: [ app_init ] --END-- [ RunTime:0.056003s ]
INFO: [ app_begin ] --START--
INFO: Run Behavior\ReadHtmlCacheBehavior [ RunTime:0.005001s ]
INFO: [ app_begin ] --END-- [ RunTime:0.005001s ]
DEBUG: [ Jiechengkeji ] [ 15:23:48 ] [ initializing ]BaseController
DEBUG: [ Jiechengkeji ] [ 15:23:48 ] [ initialized ]BaseController
DEBUG: [ Jiechengkeji ] [ 15:23:48 ] [ execute ]login()
DEBUG: [ Jiechengkeji ] [ 15:23:48 ] [ name ]orcknight
DEBUG: [ Jiechengkeji ] [ 15:23:48 ] [ pass ]aq123456
SQL: SELECT password FROM user WHERE name = 'orcknight' [ RunTime:0.0280s ]
DEBUG: [ Jiechengkeji ] [ 15:23:48 ] [ result ][{"password":"ec878b54e20a467b7f1c8e46f14d21c4"}]
DEBUG: [ Jiechengkeji ] [ 15:23:48 ] [ null ]null

[ 2017-08-30T15:24:15+08:00 ] 127.0.0.1 /index.php/Home/User/login?callback=jQuery214023840206587580903_1504077852168&id=orcknight&pass=aq123456&_=1504077852169
INFO: [ app_init ] --START--
INFO: Run Behavior\BuildLiteBehavior [ RunTime:0.000000s ]
INFO: [ app_init ] --END-- [ RunTime:0.001001s ]
INFO: [ app_begin ] --START--
INFO: Run Behavior\ReadHtmlCacheBehavior [ RunTime:0.001000s ]
INFO: [ app_begin ] --END-- [ RunTime:0.001000s ]
DEBUG: [ Jiechengkeji ] [ 15:24:15 ] [ initializing ]BaseController
DEBUG: [ Jiechengkeji ] [ 15:24:15 ] [ initialized ]BaseController
DEBUG: [ Jiechengkeji ] [ 15:24:15 ] [ execute ]login()
DEBUG: [ Jiechengkeji ] [ 15:24:15 ] [ name ]orcknight
DEBUG: [ Jiechengkeji ] [ 15:24:15 ] [ pass ]aq123456
SQL: SELECT password FROM user WHERE name = 'orcknight' [ RunTime:0.0200s ]
DEBUG: [ Jiechengkeji ] [ 15:24:15 ] [ result ][{"password":"ec878b54e20a467b7f1c8e46f14d21c4"}]
DEBUG: [ Jiechengkeji ] [ 15:24:15 ] [ null ]null

[ 2017-08-30T15:24:22+08:00 ] 127.0.0.1 /index.php/Home/User/login?callback=jQuery21406220759910028757_1504077861727&id=orcknight&pass=aq123456&_=1504077861728
INFO: [ app_init ] --START--
INFO: Run Behavior\BuildLiteBehavior [ RunTime:0.000000s ]
INFO: [ app_init ] --END-- [ RunTime:0.000000s ]
INFO: [ app_begin ] --START--
INFO: Run Behavior\ReadHtmlCacheBehavior [ RunTime:0.000000s ]
INFO: [ app_begin ] --END-- [ RunTime:0.000000s ]
DEBUG: [ Jiechengkeji ] [ 15:24:21 ] [ initializing ]BaseController
DEBUG: [ Jiechengkeji ] [ 15:24:21 ] [ initialized ]BaseController
DEBUG: [ Jiechengkeji ] [ 15:24:21 ] [ execute ]login()
DEBUG: [ Jiechengkeji ] [ 15:24:21 ] [ name ]orcknight
DEBUG: [ Jiechengkeji ] [ 15:24:21 ] [ pass ]aq123456
SQL: SELECT password FROM user WHERE name = 'orcknight' [ RunTime:0.0200s ]
DEBUG: [ Jiechengkeji ] [ 15:24:22 ] [ result ][{"password":"ec878b54e20a467b7f1c8e46f14d21c4"}]
DEBUG: [ Jiechengkeji ] [ 15:24:22 ] [ null ]null

