[ 2017-02-27T10:48:18+08:00 ] 127.0.0.1 /index.php/Home/User/login?callback=jQuery214014776738795482558_1488163697844&id=orcknight&pass=aq123456&_=1488163697845
INFO: [ app_init ] --START--
INFO: Run Behavior\BuildLiteBehavior [ RunTime:0.001000s ]
INFO: [ app_init ] --END-- [ RunTime:0.001000s ]
INFO: [ app_begin ] --START--
INFO: Run Behavior\ReadHtmlCacheBehavior [ RunTime:0.000000s ]
INFO: [ app_begin ] --END-- [ RunTime:0.002000s ]
DEBUG: [ Jiechengkeji ] [ 10:48:18 ] [ initializing ]BaseController
DEBUG: [ Jiechengkeji ] [ 10:48:18 ] [ initialized ]BaseController
DEBUG: [ Jiechengkeji ] [ 10:48:18 ] [ execute ]login()
DEBUG: [ Jiechengkeji ] [ 10:48:18 ] [ name ]orcknight
DEBUG: [ Jiechengkeji ] [ 10:48:18 ] [ pass ]aq123456
SQL: SELECT password FROM user WHERE name = 'orcknight' [ RunTime:0.0280s ]

[ 2017-02-27T11:09:14+08:00 ] 127.0.0.1 /index.php/Home/User/login?callback=jQuery2140035041252128353406_1488164953052&id=orcknight&pass=aq123456&_=1488164953053
INFO: [ app_init ] --START--
INFO: Run Behavior\BuildLiteBehavior [ RunTime:0.000000s ]
INFO: [ app_init ] --END-- [ RunTime:0.001000s ]
INFO: [ app_begin ] --START--
INFO: Run Behavior\ReadHtmlCacheBehavior [ RunTime:0.000000s ]
INFO: [ app_begin ] --END-- [ RunTime:0.000000s ]
DEBUG: [ Jiechengkeji ] [ 11:09:13 ] [ initializing ]BaseController
DEBUG: [ Jiechengkeji ] [ 11:09:13 ] [ initialized ]BaseController
DEBUG: [ Jiechengkeji ] [ 11:09:13 ] [ execute ]login()
DEBUG: [ Jiechengkeji ] [ 11:09:13 ] [ name ]orcknight
DEBUG: [ Jiechengkeji ] [ 11:09:13 ] [ pass ]aq123456
SQL: SELECT password FROM user WHERE name = 'orcknight' [ RunTime:0.0000s ]

[ 2017-02-27T14:52:46+08:00 ] 127.0.0.1 /index.php/Home/User/login?callback=jQuery21400797869776373279_1488178365128&id=orcknight&pass=aq123456&_=1488178365129
INFO: [ app_init ] --START--
INFO: Run Behavior\BuildLiteBehavior [ RunTime:0.000000s ]
INFO: [ app_init ] --END-- [ RunTime:0.000000s ]
INFO: [ app_begin ] --START--
INFO: Run Behavior\ReadHtmlCacheBehavior [ RunTime:0.001000s ]
INFO: [ app_begin ] --END-- [ RunTime:0.001000s ]
DEBUG: [ Jiechengkeji ] [ 14:52:46 ] [ initializing ]BaseController
DEBUG: [ Jiechengkeji ] [ 14:52:46 ] [ initialized ]BaseController
DEBUG: [ Jiechengkeji ] [ 14:52:46 ] [ execute ]login()
DEBUG: [ Jiechengkeji ] [ 14:52:46 ] [ name ]orcknight
DEBUG: [ Jiechengkeji ] [ 14:52:46 ] [ pass ]aq123456
SQL: SELECT password FROM user WHERE name = 'orcknight' [ RunTime:0.0010s ]

